[4.105s] Invoking command in '/home/hci/armi_ws/src/armi_navigation': PYTHONPATH=/home/hci/armi_ws/build/armi_navigation/prefix_override:/usr/lib/python3/dist-packages/colcon_core/task/python/colcon_distutils_commands:/home/hci/armi_ws/install/armi_navigation/lib/python3.10/site-packages:${PYTHONPATH} /usr/bin/python3 -W ignore:setup.py install is deprecated -W ignore:easy_install command is deprecated setup.py egg_info --egg-base ../../build/armi_navigation build --build-base /home/hci/armi_ws/build/armi_navigation/build install --record /home/hci/armi_ws/build/armi_navigation/install.log --single-version-externally-managed install_data
[5.272s] running egg_info
[5.274s] writing ../../build/armi_navigation/armi_navigation.egg-info/PKG-INFO
[5.276s] writing dependency_links to ../../build/armi_navigation/armi_navigation.egg-info/dependency_links.txt
[5.277s] writing entry points to ../../build/armi_navigation/armi_navigation.egg-info/entry_points.txt
[5.278s] writing requirements to ../../build/armi_navigation/armi_navigation.egg-info/requires.txt
[5.279s] writing top-level names to ../../build/armi_navigation/armi_navigation.egg-info/top_level.txt
[5.292s] reading manifest file '../../build/armi_navigation/armi_navigation.egg-info/SOURCES.txt'
[5.296s] writing manifest file '../../build/armi_navigation/armi_navigation.egg-info/SOURCES.txt'
[5.297s] running build
[5.300s] running build_py
[5.301s] running install
[5.303s] running install_lib
[5.308s] running install_data
[5.309s] copying package.xml -> /home/hci/armi_ws/install/armi_navigation/share/armi_navigation
[5.310s] running install_egg_info
[5.317s] removing '/home/hci/armi_ws/install/armi_navigation/lib/python3.10/site-packages/armi_navigation-0.0.0-py3.10.egg-info' (and everything under it)
[5.319s] Copying ../../build/armi_navigation/armi_navigation.egg-info to /home/hci/armi_ws/install/armi_navigation/lib/python3.10/site-packages/armi_navigation-0.0.0-py3.10.egg-info
[5.326s] running install_scripts
[5.420s] Installing nav_to_pose_client script to /home/hci/armi_ws/install/armi_navigation/lib/armi_navigation
[5.421s] Installing waypoint_follower script to /home/hci/armi_ws/install/armi_navigation/lib/armi_navigation
[5.423s] writing list of installed files to '/home/hci/armi_ws/build/armi_navigation/install.log'
[5.675s] Invoked command in '/home/hci/armi_ws/src/armi_navigation' returned '0': PYTHONPATH=/home/hci/armi_ws/build/armi_navigation/prefix_override:/usr/lib/python3/dist-packages/colcon_core/task/python/colcon_distutils_commands:/home/hci/armi_ws/install/armi_navigation/lib/python3.10/site-packages:${PYTHONPATH} /usr/bin/python3 -W ignore:setup.py install is deprecated -W ignore:easy_install command is deprecated setup.py egg_info --egg-base ../../build/armi_navigation build --build-base /home/hci/armi_ws/build/armi_navigation/build install --record /home/hci/armi_ws/build/armi_navigation/install.log --single-version-externally-managed install_data
