[3.359s] Invoking command in '/home/hci/armi_ws/src/camera_module': PYTHONPATH=/home/hci/armi_ws/build/camera_module/prefix_override:/usr/lib/python3/dist-packages/colcon_core/task/python/colcon_distutils_commands:/home/hci/armi_ws/install/camera_module/lib/python3.10/site-packages:${PYTHONPATH} /usr/bin/python3 -W ignore:setup.py install is deprecated -W ignore:easy_install command is deprecated setup.py egg_info --egg-base ../../build/camera_module build --build-base /home/hci/armi_ws/build/camera_module/build install --record /home/hci/armi_ws/build/camera_module/install.log --single-version-externally-managed install_data
[4.389s] running egg_info
[4.391s] writing ../../build/camera_module/camera_module.egg-info/PKG-INFO
[4.393s] writing dependency_links to ../../build/camera_module/camera_module.egg-info/dependency_links.txt
[4.393s] writing entry points to ../../build/camera_module/camera_module.egg-info/entry_points.txt
[4.394s] writing requirements to ../../build/camera_module/camera_module.egg-info/requires.txt
[4.395s] writing top-level names to ../../build/camera_module/camera_module.egg-info/top_level.txt
[4.402s] reading manifest file '../../build/camera_module/camera_module.egg-info/SOURCES.txt'
[4.405s] adding license file 'LICENSE'
[4.408s] writing manifest file '../../build/camera_module/camera_module.egg-info/SOURCES.txt'
[4.409s] running build
[4.409s] running build_py
[4.411s] running install
[4.412s] running install_lib
[4.417s] running install_data
[4.418s] running install_egg_info
[4.426s] removing '/home/hci/armi_ws/install/camera_module/lib/python3.10/site-packages/camera_module-0.0.1-py3.10.egg-info' (and everything under it)
[4.428s] Copying ../../build/camera_module/camera_module.egg-info to /home/hci/armi_ws/install/camera_module/lib/python3.10/site-packages/camera_module-0.0.1-py3.10.egg-info
[4.437s] running install_scripts
[4.517s] Installing camera_node script to /home/hci/armi_ws/install/camera_module/lib/yolo_module
[4.519s] writing list of installed files to '/home/hci/armi_ws/build/camera_module/install.log'
[4.651s] Invoked command in '/home/hci/armi_ws/src/camera_module' returned '0': PYTHONPATH=/home/hci/armi_ws/build/camera_module/prefix_override:/usr/lib/python3/dist-packages/colcon_core/task/python/colcon_distutils_commands:/home/hci/armi_ws/install/camera_module/lib/python3.10/site-packages:${PYTHONPATH} /usr/bin/python3 -W ignore:setup.py install is deprecated -W ignore:easy_install command is deprecated setup.py egg_info --egg-base ../../build/camera_module build --build-base /home/hci/armi_ws/build/camera_module/build install --record /home/hci/armi_ws/build/camera_module/install.log --single-version-externally-managed install_data
