[0.453s] DEBUG:colcon:Command line arguments: ['/usr/bin/colcon', 'build']
[0.453s] DEBUG:colcon:Parsed command line arguments: Namespace(log_base=None, log_level=None, verb_name='build', build_base='build', install_base='install', merge_install=False, symlink_install=False, test_result_base=None, continue_on_error=False, executor='parallel', parallel_workers=4, event_handlers=None, ignore_user_meta=False, metas=['./colcon.meta'], base_paths=['.'], packages_ignore=None, packages_ignore_regex=None, paths=None, packages_up_to=None, packages_up_to_regex=None, packages_above=None, packages_above_and_dependencies=None, packages_above_depth=None, packages_select_by_dep=None, packages_skip_by_dep=None, packages_skip_up_to=None, packages_select_build_failed=False, packages_skip_build_finished=False, packages_select_test_failures=False, packages_skip_test_passed=False, packages_select=None, packages_skip=None, packages_select_regex=None, packages_skip_regex=None, packages_start=None, packages_end=None, allow_overriding=[], cmake_args=None, cmake_target=None, cmake_target_skip_unavailable=False, cmake_clean_cache=False, cmake_clean_first=False, cmake_force_configure=False, ament_cmake_args=None, catkin_cmake_args=None, catkin_skip_building_tests=False, mixin_files=None, mixin=None, verb_parser=<colcon_mixin.mixin.mixin_argument.MixinArgumentDecorator object at 0xffff88d10790>, verb_extension=<colcon_core.verb.build.BuildVerb object at 0xffff88e29690>, main=<bound method BuildVerb.main of <colcon_core.verb.build.BuildVerb object at 0xffff88e29690>>, mixin_verb=('build',))
[1.184s] Level 1:colcon.colcon_core.package_discovery:discover_packages(colcon_meta) check parameters
[1.184s] Level 1:colcon.colcon_core.package_discovery:discover_packages(recursive) check parameters
[1.185s] Level 1:colcon.colcon_core.package_discovery:discover_packages(ignore) check parameters
[1.185s] Level 1:colcon.colcon_core.package_discovery:discover_packages(path) check parameters
[1.185s] Level 1:colcon.colcon_core.package_discovery:discover_packages(colcon_meta) discover
[1.185s] Level 1:colcon.colcon_core.package_discovery:discover_packages(recursive) discover
[1.185s] INFO:colcon.colcon_core.package_discovery:Crawling recursively for packages in '/home/hci/armi_ws'
[1.186s] Level 1:colcon.colcon_core.package_identification:_identify(.) by extensions ['ignore', 'ignore_ament_install']
[1.186s] Level 1:colcon.colcon_core.package_identification:_identify(.) by extension 'ignore'
[1.186s] Level 1:colcon.colcon_core.package_identification:_identify(.) by extension 'ignore_ament_install'
[1.186s] Level 1:colcon.colcon_core.package_identification:_identify(.) by extensions ['colcon_pkg']
[1.187s] Level 1:colcon.colcon_core.package_identification:_identify(.) by extension 'colcon_pkg'
[1.187s] Level 1:colcon.colcon_core.package_identification:_identify(.) by extensions ['colcon_meta']
[1.187s] Level 1:colcon.colcon_core.package_identification:_identify(.) by extension 'colcon_meta'
[1.187s] Level 1:colcon.colcon_core.package_identification:_identify(.) by extensions ['ros']
[1.187s] Level 1:colcon.colcon_core.package_identification:_identify(.) by extension 'ros'
[1.238s] Level 1:colcon.colcon_core.package_identification:_identify(.) by extensions ['cmake', 'python']
[1.238s] Level 1:colcon.colcon_core.package_identification:_identify(.) by extension 'cmake'
[1.239s] Level 1:colcon.colcon_core.package_identification:_identify(.) by extension 'python'
[1.239s] Level 1:colcon.colcon_core.package_identification:_identify(.) by extensions ['python_setup_py']
[1.239s] Level 1:colcon.colcon_core.package_identification:_identify(.) by extension 'python_setup_py'
[1.240s] Level 1:colcon.colcon_core.package_identification:_identify(build) by extensions ['ignore', 'ignore_ament_install']
[1.240s] Level 1:colcon.colcon_core.package_identification:_identify(build) by extension 'ignore'
[1.240s] Level 1:colcon.colcon_core.package_identification:_identify(build) ignored
[1.241s] Level 1:colcon.colcon_core.package_identification:_identify(install) by extensions ['ignore', 'ignore_ament_install']
[1.241s] Level 1:colcon.colcon_core.package_identification:_identify(install) by extension 'ignore'
[1.241s] Level 1:colcon.colcon_core.package_identification:_identify(install) ignored
[1.242s] Level 1:colcon.colcon_core.package_identification:_identify(log) by extensions ['ignore', 'ignore_ament_install']
[1.242s] Level 1:colcon.colcon_core.package_identification:_identify(log) by extension 'ignore'
[1.243s] Level 1:colcon.colcon_core.package_identification:_identify(log) ignored
[1.243s] Level 1:colcon.colcon_core.package_identification:_identify(src) by extensions ['ignore', 'ignore_ament_install']
[1.243s] Level 1:colcon.colcon_core.package_identification:_identify(src) by extension 'ignore'
[1.243s] Level 1:colcon.colcon_core.package_identification:_identify(src) by extension 'ignore_ament_install'
[1.244s] Level 1:colcon.colcon_core.package_identification:_identify(src) by extensions ['colcon_pkg']
[1.244s] Level 1:colcon.colcon_core.package_identification:_identify(src) by extension 'colcon_pkg'
[1.244s] Level 1:colcon.colcon_core.package_identification:_identify(src) by extensions ['colcon_meta']
[1.244s] Level 1:colcon.colcon_core.package_identification:_identify(src) by extension 'colcon_meta'
[1.244s] Level 1:colcon.colcon_core.package_identification:_identify(src) by extensions ['ros']
[1.245s] Level 1:colcon.colcon_core.package_identification:_identify(src) by extension 'ros'
[1.245s] Level 1:colcon.colcon_core.package_identification:_identify(src) by extensions ['cmake', 'python']
[1.245s] Level 1:colcon.colcon_core.package_identification:_identify(src) by extension 'cmake'
[1.245s] Level 1:colcon.colcon_core.package_identification:_identify(src) by extension 'python'
[1.245s] Level 1:colcon.colcon_core.package_identification:_identify(src) by extensions ['python_setup_py']
[1.245s] Level 1:colcon.colcon_core.package_identification:_identify(src) by extension 'python_setup_py'
[1.246s] Level 1:colcon.colcon_core.package_identification:_identify(src/armi_navigation) by extensions ['ignore', 'ignore_ament_install']
[1.246s] Level 1:colcon.colcon_core.package_identification:_identify(src/armi_navigation) by extension 'ignore'
[1.247s] Level 1:colcon.colcon_core.package_identification:_identify(src/armi_navigation) by extension 'ignore_ament_install'
[1.247s] Level 1:colcon.colcon_core.package_identification:_identify(src/armi_navigation) by extensions ['colcon_pkg']
[1.247s] Level 1:colcon.colcon_core.package_identification:_identify(src/armi_navigation) by extension 'colcon_pkg'
[1.247s] Level 1:colcon.colcon_core.package_identification:_identify(src/armi_navigation) by extensions ['colcon_meta']
[1.247s] Level 1:colcon.colcon_core.package_identification:_identify(src/armi_navigation) by extension 'colcon_meta'
[1.248s] Level 1:colcon.colcon_core.package_identification:_identify(src/armi_navigation) by extensions ['ros']
[1.248s] Level 1:colcon.colcon_core.package_identification:_identify(src/armi_navigation) by extension 'ros'
[1.256s] DEBUG:colcon.colcon_core.package_identification:Package 'src/armi_navigation' with type 'ros.ament_python' and name 'armi_navigation'
[1.257s] Level 1:colcon.colcon_core.package_identification:_identify(src/camera_module) by extensions ['ignore', 'ignore_ament_install']
[1.257s] Level 1:colcon.colcon_core.package_identification:_identify(src/camera_module) by extension 'ignore'
[1.257s] Level 1:colcon.colcon_core.package_identification:_identify(src/camera_module) by extension 'ignore_ament_install'
[1.258s] Level 1:colcon.colcon_core.package_identification:_identify(src/camera_module) by extensions ['colcon_pkg']
[1.258s] Level 1:colcon.colcon_core.package_identification:_identify(src/camera_module) by extension 'colcon_pkg'
[1.258s] Level 1:colcon.colcon_core.package_identification:_identify(src/camera_module) by extensions ['colcon_meta']
[1.258s] Level 1:colcon.colcon_core.package_identification:_identify(src/camera_module) by extension 'colcon_meta'
[1.258s] Level 1:colcon.colcon_core.package_identification:_identify(src/camera_module) by extensions ['ros']
[1.258s] Level 1:colcon.colcon_core.package_identification:_identify(src/camera_module) by extension 'ros'
[1.261s] DEBUG:colcon.colcon_core.package_identification:Package 'src/camera_module' with type 'ros.ament_python' and name 'camera_module'
[1.261s] Level 1:colcon.colcon_core.package_discovery:discover_packages(recursive) using defaults
[1.261s] Level 1:colcon.colcon_core.package_discovery:discover_packages(ignore) discover
[1.261s] Level 1:colcon.colcon_core.package_discovery:discover_packages(ignore) using defaults
[1.261s] Level 1:colcon.colcon_core.package_discovery:discover_packages(path) discover
[1.262s] Level 1:colcon.colcon_core.package_discovery:discover_packages(path) using defaults
[1.339s] Level 1:colcon.colcon_core.package_discovery:discover_packages(prefix_path) check parameters
[1.340s] Level 1:colcon.colcon_core.package_discovery:discover_packages(prefix_path) discover
[1.350s] DEBUG:colcon.colcon_installed_package_information.package_discovery:Found 7 installed packages in /home/hci/turtlebot3_ws/install
[1.358s] DEBUG:colcon.colcon_installed_package_information.package_discovery:Found 243 installed packages in /opt/ros/humble
[1.364s] Level 1:colcon.colcon_core.package_discovery:discover_packages(prefix_path) using defaults
[1.549s] Level 5:colcon.colcon_core.verb:set package 'armi_navigation' build argument 'cmake_args' from command line to 'None'
[1.549s] Level 5:colcon.colcon_core.verb:set package 'armi_navigation' build argument 'cmake_target' from command line to 'None'
[1.549s] Level 5:colcon.colcon_core.verb:set package 'armi_navigation' build argument 'cmake_target_skip_unavailable' from command line to 'False'
[1.549s] Level 5:colcon.colcon_core.verb:set package 'armi_navigation' build argument 'cmake_clean_cache' from command line to 'False'
[1.550s] Level 5:colcon.colcon_core.verb:set package 'armi_navigation' build argument 'cmake_clean_first' from command line to 'False'
[1.550s] Level 5:colcon.colcon_core.verb:set package 'armi_navigation' build argument 'cmake_force_configure' from command line to 'False'
[1.550s] Level 5:colcon.colcon_core.verb:set package 'armi_navigation' build argument 'ament_cmake_args' from command line to 'None'
[1.550s] Level 5:colcon.colcon_core.verb:set package 'armi_navigation' build argument 'catkin_cmake_args' from command line to 'None'
[1.550s] Level 5:colcon.colcon_core.verb:set package 'armi_navigation' build argument 'catkin_skip_building_tests' from command line to 'False'
[1.550s] DEBUG:colcon.colcon_core.verb:Building package 'armi_navigation' with the following arguments: {'ament_cmake_args': None, 'build_base': '/home/hci/armi_ws/build/armi_navigation', 'catkin_cmake_args': None, 'catkin_skip_building_tests': False, 'cmake_args': None, 'cmake_clean_cache': False, 'cmake_clean_first': False, 'cmake_force_configure': False, 'cmake_target': None, 'cmake_target_skip_unavailable': False, 'install_base': '/home/hci/armi_ws/install/armi_navigation', 'merge_install': False, 'path': '/home/hci/armi_ws/src/armi_navigation', 'symlink_install': False, 'test_result_base': None}
[1.552s] Level 5:colcon.colcon_core.verb:set package 'camera_module' build argument 'cmake_args' from command line to 'None'
[1.552s] Level 5:colcon.colcon_core.verb:set package 'camera_module' build argument 'cmake_target' from command line to 'None'
[1.552s] Level 5:colcon.colcon_core.verb:set package 'camera_module' build argument 'cmake_target_skip_unavailable' from command line to 'False'
[1.552s] Level 5:colcon.colcon_core.verb:set package 'camera_module' build argument 'cmake_clean_cache' from command line to 'False'
[1.552s] Level 5:colcon.colcon_core.verb:set package 'camera_module' build argument 'cmake_clean_first' from command line to 'False'
[1.552s] Level 5:colcon.colcon_core.verb:set package 'camera_module' build argument 'cmake_force_configure' from command line to 'False'
[1.552s] Level 5:colcon.colcon_core.verb:set package 'camera_module' build argument 'ament_cmake_args' from command line to 'None'
[1.552s] Level 5:colcon.colcon_core.verb:set package 'camera_module' build argument 'catkin_cmake_args' from command line to 'None'
[1.553s] Level 5:colcon.colcon_core.verb:set package 'camera_module' build argument 'catkin_skip_building_tests' from command line to 'False'
[1.553s] DEBUG:colcon.colcon_core.verb:Building package 'camera_module' with the following arguments: {'ament_cmake_args': None, 'build_base': '/home/hci/armi_ws/build/camera_module', 'catkin_cmake_args': None, 'catkin_skip_building_tests': False, 'cmake_args': None, 'cmake_clean_cache': False, 'cmake_clean_first': False, 'cmake_force_configure': False, 'cmake_target': None, 'cmake_target_skip_unavailable': False, 'install_base': '/home/hci/armi_ws/install/camera_module', 'merge_install': False, 'path': '/home/hci/armi_ws/src/camera_module', 'symlink_install': False, 'test_result_base': None}
[1.553s] INFO:colcon.colcon_core.executor:Executing jobs using 'parallel' executor
[1.557s] DEBUG:colcon.colcon_parallel_executor.executor.parallel:run_until_complete
[1.558s] INFO:colcon.colcon_ros.task.ament_python.build:Building ROS package in '/home/hci/armi_ws/src/armi_navigation' with build type 'ament_python'
[1.558s] Level 1:colcon.colcon_core.shell:create_environment_hook('armi_navigation', 'ament_prefix_path')
[1.568s] INFO:colcon.colcon_core.plugin_system:Skipping extension 'colcon_core.shell.bat': Not used on non-Windows systems
[1.569s] INFO:colcon.colcon_core.shell:Creating environment hook '/home/hci/armi_ws/install/armi_navigation/share/armi_navigation/hook/ament_prefix_path.ps1'
[1.572s] INFO:colcon.colcon_core.shell:Creating environment descriptor '/home/hci/armi_ws/install/armi_navigation/share/armi_navigation/hook/ament_prefix_path.dsv'
[1.575s] INFO:colcon.colcon_core.shell:Creating environment hook '/home/hci/armi_ws/install/armi_navigation/share/armi_navigation/hook/ament_prefix_path.sh'
[1.578s] INFO:colcon.colcon_core.shell:Skip shell extension 'powershell' for command environment: Not usable outside of PowerShell
[1.579s] DEBUG:colcon.colcon_core.shell:Skip shell extension 'dsv' for command environment
[1.599s] INFO:colcon.colcon_ros.task.ament_python.build:Building ROS package in '/home/hci/armi_ws/src/camera_module' with build type 'ament_python'
[1.599s] Level 1:colcon.colcon_core.shell:create_environment_hook('camera_module', 'ament_prefix_path')
[1.600s] INFO:colcon.colcon_core.shell:Creating environment hook '/home/hci/armi_ws/install/camera_module/share/camera_module/hook/ament_prefix_path.ps1'
[1.603s] INFO:colcon.colcon_core.shell:Creating environment descriptor '/home/hci/armi_ws/install/camera_module/share/camera_module/hook/ament_prefix_path.dsv'
[1.605s] INFO:colcon.colcon_core.shell:Creating environment hook '/home/hci/armi_ws/install/camera_module/share/camera_module/hook/ament_prefix_path.sh'
[1.609s] INFO:colcon.colcon_core.shell:Skip shell extension 'powershell' for command environment: Not usable outside of PowerShell
[1.609s] DEBUG:colcon.colcon_core.shell:Skip shell extension 'dsv' for command environment
[2.749s] INFO:colcon.colcon_core.task.python.build:Building Python package in '/home/hci/armi_ws/src/armi_navigation'
[2.750s] INFO:colcon.colcon_core.shell:Skip shell extension 'powershell' for command environment: Not usable outside of PowerShell
[2.750s] DEBUG:colcon.colcon_core.shell:Skip shell extension 'dsv' for command environment
[3.877s] INFO:colcon.colcon_core.task.python.build:Building Python package in '/home/hci/armi_ws/src/camera_module'
[3.878s] INFO:colcon.colcon_core.shell:Skip shell extension 'powershell' for command environment: Not usable outside of PowerShell
[3.878s] DEBUG:colcon.colcon_core.shell:Skip shell extension 'dsv' for command environment
[5.737s] DEBUG:colcon.colcon_core.event_handler.log_command:Invoking command in '/home/hci/armi_ws/src/armi_navigation': PYTHONPATH=/home/hci/armi_ws/build/armi_navigation/prefix_override:/usr/lib/python3/dist-packages/colcon_core/task/python/colcon_distutils_commands:/home/hci/armi_ws/install/armi_navigation/lib/python3.10/site-packages:${PYTHONPATH} /usr/bin/python3 -W ignore:setup.py install is deprecated -W ignore:easy_install command is deprecated setup.py egg_info --egg-base ../../build/armi_navigation build --build-base /home/hci/armi_ws/build/armi_navigation/build install --record /home/hci/armi_ws/build/armi_navigation/install.log --single-version-externally-managed install_data
[5.755s] DEBUG:colcon.colcon_core.event_handler.log_command:Invoking command in '/home/hci/armi_ws/src/camera_module': PYTHONPATH=/home/hci/armi_ws/build/camera_module/prefix_override:/usr/lib/python3/dist-packages/colcon_core/task/python/colcon_distutils_commands:/home/hci/armi_ws/install/camera_module/lib/python3.10/site-packages:${PYTHONPATH} /usr/bin/python3 -W ignore:setup.py install is deprecated -W ignore:easy_install command is deprecated setup.py egg_info --egg-base ../../build/camera_module build --build-base /home/hci/armi_ws/build/camera_module/build install --record /home/hci/armi_ws/build/camera_module/install.log --single-version-externally-managed install_data
[7.252s] DEBUG:colcon.colcon_core.event_handler.log_command:Invoked command in '/home/hci/armi_ws/src/camera_module' returned '0': PYTHONPATH=/home/hci/armi_ws/build/camera_module/prefix_override:/usr/lib/python3/dist-packages/colcon_core/task/python/colcon_distutils_commands:/home/hci/armi_ws/install/camera_module/lib/python3.10/site-packages:${PYTHONPATH} /usr/bin/python3 -W ignore:setup.py install is deprecated -W ignore:easy_install command is deprecated setup.py egg_info --egg-base ../../build/camera_module build --build-base /home/hci/armi_ws/build/camera_module/build install --record /home/hci/armi_ws/build/camera_module/install.log --single-version-externally-managed install_data
[7.262s] Level 1:colcon.colcon_core.environment:checking '/home/hci/armi_ws/install/camera_module' for CMake module files
[7.265s] Level 1:colcon.colcon_core.environment:checking '/home/hci/armi_ws/install/camera_module' for CMake config files
[7.269s] Level 1:colcon.colcon_core.environment:checking '/home/hci/armi_ws/install/camera_module/lib'
[7.271s] Level 1:colcon.colcon_core.environment:checking '/home/hci/armi_ws/install/camera_module/bin'
[7.271s] Level 1:colcon.colcon_core.environment:checking '/home/hci/armi_ws/install/camera_module/lib/pkgconfig/camera_module.pc'
[7.272s] Level 1:colcon.colcon_core.environment:checking '/home/hci/armi_ws/install/camera_module/lib/python3.10/site-packages'
[7.273s] Level 1:colcon.colcon_core.shell:create_environment_hook('camera_module', 'pythonpath')
[7.274s] INFO:colcon.colcon_core.shell:Creating environment hook '/home/hci/armi_ws/install/camera_module/share/camera_module/hook/pythonpath.ps1'
[7.277s] INFO:colcon.colcon_core.shell:Creating environment descriptor '/home/hci/armi_ws/install/camera_module/share/camera_module/hook/pythonpath.dsv'
[7.279s] INFO:colcon.colcon_core.shell:Creating environment hook '/home/hci/armi_ws/install/camera_module/share/camera_module/hook/pythonpath.sh'
[7.283s] Level 1:colcon.colcon_core.environment:checking '/home/hci/armi_ws/install/camera_module/bin'
[7.283s] Level 1:colcon.colcon_core.environment:create_environment_scripts_only(camera_module)
[7.285s] INFO:colcon.colcon_core.shell:Creating package script '/home/hci/armi_ws/install/camera_module/share/camera_module/package.ps1'
[7.289s] INFO:colcon.colcon_core.shell:Creating package descriptor '/home/hci/armi_ws/install/camera_module/share/camera_module/package.dsv'
[7.292s] INFO:colcon.colcon_core.shell:Creating package script '/home/hci/armi_ws/install/camera_module/share/camera_module/package.sh'
[7.296s] INFO:colcon.colcon_core.shell:Creating package script '/home/hci/armi_ws/install/camera_module/share/camera_module/package.bash'
[7.300s] INFO:colcon.colcon_core.shell:Creating package script '/home/hci/armi_ws/install/camera_module/share/camera_module/package.zsh'
[7.303s] Level 1:colcon.colcon_core.environment:create_file_with_runtime_dependencies(/home/hci/armi_ws/install/camera_module/share/colcon-core/packages/camera_module)
[7.309s] Level 1:colcon.colcon_core.environment:checking '/home/hci/armi_ws/install/armi_navigation' for CMake module files
[7.312s] DEBUG:colcon.colcon_core.event_handler.log_command:Invoked command in '/home/hci/armi_ws/src/armi_navigation' returned '0': PYTHONPATH=/home/hci/armi_ws/build/armi_navigation/prefix_override:/usr/lib/python3/dist-packages/colcon_core/task/python/colcon_distutils_commands:/home/hci/armi_ws/install/armi_navigation/lib/python3.10/site-packages:${PYTHONPATH} /usr/bin/python3 -W ignore:setup.py install is deprecated -W ignore:easy_install command is deprecated setup.py egg_info --egg-base ../../build/armi_navigation build --build-base /home/hci/armi_ws/build/armi_navigation/build install --record /home/hci/armi_ws/build/armi_navigation/install.log --single-version-externally-managed install_data
[7.317s] Level 1:colcon.colcon_core.environment:checking '/home/hci/armi_ws/install/armi_navigation' for CMake config files
[7.326s] Level 1:colcon.colcon_core.environment:checking '/home/hci/armi_ws/install/armi_navigation/lib'
[7.327s] Level 1:colcon.colcon_core.environment:checking '/home/hci/armi_ws/install/armi_navigation/bin'
[7.327s] Level 1:colcon.colcon_core.environment:checking '/home/hci/armi_ws/install/armi_navigation/lib/pkgconfig/armi_navigation.pc'
[7.328s] Level 1:colcon.colcon_core.environment:checking '/home/hci/armi_ws/install/armi_navigation/lib/python3.10/site-packages'
[7.328s] Level 1:colcon.colcon_core.shell:create_environment_hook('armi_navigation', 'pythonpath')
[7.329s] INFO:colcon.colcon_core.shell:Creating environment hook '/home/hci/armi_ws/install/armi_navigation/share/armi_navigation/hook/pythonpath.ps1'
[7.331s] INFO:colcon.colcon_core.shell:Creating environment descriptor '/home/hci/armi_ws/install/armi_navigation/share/armi_navigation/hook/pythonpath.dsv'
[7.333s] INFO:colcon.colcon_core.shell:Creating environment hook '/home/hci/armi_ws/install/armi_navigation/share/armi_navigation/hook/pythonpath.sh'
[7.336s] Level 1:colcon.colcon_core.environment:checking '/home/hci/armi_ws/install/armi_navigation/bin'
[7.337s] Level 1:colcon.colcon_core.environment:create_environment_scripts_only(armi_navigation)
[7.338s] INFO:colcon.colcon_core.shell:Creating package script '/home/hci/armi_ws/install/armi_navigation/share/armi_navigation/package.ps1'
[7.340s] INFO:colcon.colcon_core.shell:Creating package descriptor '/home/hci/armi_ws/install/armi_navigation/share/armi_navigation/package.dsv'
[7.343s] INFO:colcon.colcon_core.shell:Creating package script '/home/hci/armi_ws/install/armi_navigation/share/armi_navigation/package.sh'
[7.345s] INFO:colcon.colcon_core.shell:Creating package script '/home/hci/armi_ws/install/armi_navigation/share/armi_navigation/package.bash'
[7.347s] INFO:colcon.colcon_core.shell:Creating package script '/home/hci/armi_ws/install/armi_navigation/share/armi_navigation/package.zsh'
[7.349s] Level 1:colcon.colcon_core.environment:create_file_with_runtime_dependencies(/home/hci/armi_ws/install/armi_navigation/share/colcon-core/packages/armi_navigation)
[7.351s] DEBUG:colcon.colcon_parallel_executor.executor.parallel:closing loop
[7.352s] DEBUG:colcon.colcon_parallel_executor.executor.parallel:loop closed
[7.352s] DEBUG:colcon.colcon_parallel_executor.executor.parallel:run_until_complete finished with '0'
[7.353s] DEBUG:colcon.colcon_core.event_reactor:joining thread
[7.375s] INFO:colcon.colcon_core.plugin_system:Skipping extension 'colcon_notification.desktop_notification.notify_send': Could not find 'notify-send'
[7.376s] INFO:colcon.colcon_core.plugin_system:Skipping extension 'colcon_notification.desktop_notification.terminal_notifier': Not used on non-Darwin systems
[7.376s] INFO:colcon.colcon_core.plugin_system:Skipping extension 'colcon_notification.desktop_notification.win32': Not used on non-Windows systems
[7.376s] INFO:colcon.colcon_notification.desktop_notification:Sending desktop notification using 'notify2'
[7.379s] DEBUG:colcon.colcon_notification.desktop_notification.notify2:Failed to initialize notify2: org.freedesktop.DBus.Error.ServiceUnknown: The name org.freedesktop.Notifications was not provided by any .service files
[7.379s] DEBUG:colcon.colcon_core.event_reactor:joined thread
[7.380s] INFO:colcon.colcon_core.shell:Creating prefix script '/home/hci/armi_ws/install/local_setup.ps1'
[7.384s] INFO:colcon.colcon_core.shell:Creating prefix util module '/home/hci/armi_ws/install/_local_setup_util_ps1.py'
[7.390s] INFO:colcon.colcon_core.shell:Creating prefix chain script '/home/hci/armi_ws/install/setup.ps1'
[7.396s] INFO:colcon.colcon_core.shell:Creating prefix script '/home/hci/armi_ws/install/local_setup.sh'
[7.399s] INFO:colcon.colcon_core.shell:Creating prefix util module '/home/hci/armi_ws/install/_local_setup_util_sh.py'
[7.402s] INFO:colcon.colcon_core.shell:Creating prefix chain script '/home/hci/armi_ws/install/setup.sh'
[7.409s] INFO:colcon.colcon_core.shell:Creating prefix script '/home/hci/armi_ws/install/local_setup.bash'
[7.411s] INFO:colcon.colcon_core.shell:Creating prefix chain script '/home/hci/armi_ws/install/setup.bash'
[7.418s] INFO:colcon.colcon_core.shell:Creating prefix script '/home/hci/armi_ws/install/local_setup.zsh'
[7.421s] INFO:colcon.colcon_core.shell:Creating prefix chain script '/home/hci/armi_ws/install/setup.zsh'
