running develop
Removing /home/hci/armi_ws/install/camera_module/lib/python3.10/site-packages/camera-module.egg-link (link to .)
running egg_info
writing ../../build/camera_module/camera_module.egg-info/PKG-INFO
writing dependency_links to ../../build/camera_module/camera_module.egg-info/dependency_links.txt
writing entry points to ../../build/camera_module/camera_module.egg-info/entry_points.txt
writing requirements to ../../build/camera_module/camera_module.egg-info/requires.txt
writing top-level names to ../../build/camera_module/camera_module.egg-info/top_level.txt
reading manifest file '../../build/camera_module/camera_module.egg-info/SOURCES.txt'
adding license file 'LICENSE'
writing manifest file '../../build/camera_module/camera_module.egg-info/SOURCES.txt'
running build
running build_py
creating /home/hci/armi_ws/build/camera_module/build
creating /home/hci/armi_ws/build/camera_module/build/lib
creating /home/hci/armi_ws/build/camera_module/build/lib/camera_module
copying camera_module/__init__.py -> /home/hci/armi_ws/build/camera_module/build/lib/camera_module
copying camera_module/camera_node.py -> /home/hci/armi_ws/build/camera_module/build/lib/camera_module
running install
running install_lib
creating /home/hci/armi_ws/install/camera_module/lib/python3.10/site-packages/camera_module
copying /home/hci/armi_ws/build/camera_module/build/lib/camera_module/__init__.py -> /home/hci/armi_ws/install/camera_module/lib/python3.10/site-packages/camera_module
copying /home/hci/armi_ws/build/camera_module/build/lib/camera_module/camera_node.py -> /home/hci/armi_ws/install/camera_module/lib/python3.10/site-packages/camera_module
byte-compiling /home/hci/armi_ws/install/camera_module/lib/python3.10/site-packages/camera_module/__init__.py to __init__.cpython-310.pyc
byte-compiling /home/hci/armi_ws/install/camera_module/lib/python3.10/site-packages/camera_module/camera_node.py to camera_node.cpython-310.pyc
running install_data
copying resource/camera_module -> /home/hci/armi_ws/install/camera_module/share/ament_index/resource_index/packages
copying package.xml -> /home/hci/armi_ws/install/camera_module/share/camera_module
running install_egg_info
Copying ../../build/camera_module/camera_module.egg-info to /home/hci/armi_ws/install/camera_module/lib/python3.10/site-packages/camera_module-0.0.1-py3.10.egg-info
running install_scripts
Installing camera_node script to /home/hci/armi_ws/install/camera_module/lib/yolo_module
writing list of installed files to '/home/hci/armi_ws/build/camera_module/install.log'
