[2.656s] Invoking command in '/home/hci/armi_ws/build/camera_module': PYTHONPATH=/home/hci/armi_ws/build/camera_module/prefix_override:/usr/lib/python3/dist-packages/colcon_core/task/python/colcon_distutils_commands:/home/hci/armi_ws/install/camera_module/lib/python3.10/site-packages:${PYTHONPATH} /usr/bin/python3 -W ignore:setup.py install is deprecated -W ignore:easy_install command is deprecated setup.py develop --uninstall --editable --build-directory /home/hci/armi_ws/build/camera_module/build
[3.721s] running develop
[4.357s] Removing /home/hci/armi_ws/install/camera_module/lib/python3.10/site-packages/camera-module.egg-link (link to .)
[4.476s] Invoked command in '/home/hci/armi_ws/build/camera_module' returned '0': PYTHONPATH=/home/hci/armi_ws/build/camera_module/prefix_override:/usr/lib/python3/dist-packages/colcon_core/task/python/colcon_distutils_commands:/home/hci/armi_ws/install/camera_module/lib/python3.10/site-packages:${PYTHONPATH} /usr/bin/python3 -W ignore:setup.py install is deprecated -W ignore:easy_install command is deprecated setup.py develop --uninstall --editable --build-directory /home/hci/armi_ws/build/camera_module/build
[4.486s] Invoking command in '/home/hci/armi_ws/src/camera_module': PYTHONPATH=/home/hci/armi_ws/build/camera_module/prefix_override:/usr/lib/python3/dist-packages/colcon_core/task/python/colcon_distutils_commands:/home/hci/armi_ws/install/camera_module/lib/python3.10/site-packages:${PYTHONPATH} /usr/bin/python3 -W ignore:setup.py install is deprecated -W ignore:easy_install command is deprecated setup.py egg_info --egg-base ../../build/camera_module build --build-base /home/hci/armi_ws/build/camera_module/build install --record /home/hci/armi_ws/build/camera_module/install.log --single-version-externally-managed install_data --force
[5.500s] running egg_info
[5.503s] writing ../../build/camera_module/camera_module.egg-info/PKG-INFO
[5.504s] writing dependency_links to ../../build/camera_module/camera_module.egg-info/dependency_links.txt
[5.505s] writing entry points to ../../build/camera_module/camera_module.egg-info/entry_points.txt
[5.505s] writing requirements to ../../build/camera_module/camera_module.egg-info/requires.txt
[5.506s] writing top-level names to ../../build/camera_module/camera_module.egg-info/top_level.txt
[5.513s] reading manifest file '../../build/camera_module/camera_module.egg-info/SOURCES.txt'
[5.515s] adding license file 'LICENSE'
[5.517s] writing manifest file '../../build/camera_module/camera_module.egg-info/SOURCES.txt'
[5.518s] running build
[5.519s] running build_py
[5.519s] creating /home/hci/armi_ws/build/camera_module/build
[5.520s] creating /home/hci/armi_ws/build/camera_module/build/lib
[5.520s] creating /home/hci/armi_ws/build/camera_module/build/lib/camera_module
[5.520s] copying camera_module/__init__.py -> /home/hci/armi_ws/build/camera_module/build/lib/camera_module
[5.521s] copying camera_module/camera_node.py -> /home/hci/armi_ws/build/camera_module/build/lib/camera_module
[5.521s] running install
[5.523s] running install_lib
[5.526s] creating /home/hci/armi_ws/install/camera_module/lib/python3.10/site-packages/camera_module
[5.527s] copying /home/hci/armi_ws/build/camera_module/build/lib/camera_module/__init__.py -> /home/hci/armi_ws/install/camera_module/lib/python3.10/site-packages/camera_module
[5.527s] copying /home/hci/armi_ws/build/camera_module/build/lib/camera_module/camera_node.py -> /home/hci/armi_ws/install/camera_module/lib/python3.10/site-packages/camera_module
[5.530s] byte-compiling /home/hci/armi_ws/install/camera_module/lib/python3.10/site-packages/camera_module/__init__.py to __init__.cpython-310.pyc
[5.531s] byte-compiling /home/hci/armi_ws/install/camera_module/lib/python3.10/site-packages/camera_module/camera_node.py to camera_node.cpython-310.pyc
[5.534s] running install_data
[5.534s] copying resource/camera_module -> /home/hci/armi_ws/install/camera_module/share/ament_index/resource_index/packages
[5.535s] copying package.xml -> /home/hci/armi_ws/install/camera_module/share/camera_module
[5.536s] running install_egg_info
[5.543s] Copying ../../build/camera_module/camera_module.egg-info to /home/hci/armi_ws/install/camera_module/lib/python3.10/site-packages/camera_module-0.0.1-py3.10.egg-info
[5.549s] running install_scripts
[5.628s] Installing camera_node script to /home/hci/armi_ws/install/camera_module/lib/yolo_module
[5.629s] writing list of installed files to '/home/hci/armi_ws/build/camera_module/install.log'
[5.746s] Invoked command in '/home/hci/armi_ws/src/camera_module' returned '0': PYTHONPATH=/home/hci/armi_ws/build/camera_module/prefix_override:/usr/lib/python3/dist-packages/colcon_core/task/python/colcon_distutils_commands:/home/hci/armi_ws/install/camera_module/lib/python3.10/site-packages:${PYTHONPATH} /usr/bin/python3 -W ignore:setup.py install is deprecated -W ignore:easy_install command is deprecated setup.py egg_info --egg-base ../../build/camera_module build --build-base /home/hci/armi_ws/build/camera_module/build install --record /home/hci/armi_ws/build/camera_module/install.log --single-version-externally-managed install_data --force
