running egg_info
writing ../../build/camera_module/camera_module.egg-info/PKG-INFO
writing dependency_links to ../../build/camera_module/camera_module.egg-info/dependency_links.txt
writing entry points to ../../build/camera_module/camera_module.egg-info/entry_points.txt
writing requirements to ../../build/camera_module/camera_module.egg-info/requires.txt
writing top-level names to ../../build/camera_module/camera_module.egg-info/top_level.txt
reading manifest file '../../build/camera_module/camera_module.egg-info/SOURCES.txt'
adding license file 'LICENSE'
writing manifest file '../../build/camera_module/camera_module.egg-info/SOURCES.txt'
running build
running build_py
running install
running install_lib
running install_data
running install_egg_info
removing '/home/hci/armi_ws/install/camera_module/lib/python3.10/site-packages/camera_module-0.0.1-py3.10.egg-info' (and everything under it)
Copying ../../build/camera_module/camera_module.egg-info to /home/hci/armi_ws/install/camera_module/lib/python3.10/site-packages/camera_module-0.0.1-py3.10.egg-info
running install_scripts
Installing camera_node script to /home/hci/armi_ws/install/camera_module/lib/yolo_module
writing list of installed files to '/home/hci/armi_ws/build/camera_module/install.log'
