[0.495s] DEBUG:colcon:Command line arguments: ['/usr/bin/colcon', 'build']
[0.496s] DEBUG:colcon:Parsed command line arguments: Namespace(log_base=None, log_level=None, verb_name='build', build_base='build', install_base='install', merge_install=False, symlink_install=False, test_result_base=None, continue_on_error=False, executor='parallel', parallel_workers=4, event_handlers=None, ignore_user_meta=False, metas=['./colcon.meta'], base_paths=['.'], packages_ignore=None, packages_ignore_regex=None, paths=None, packages_up_to=None, packages_up_to_regex=None, packages_above=None, packages_above_and_dependencies=None, packages_above_depth=None, packages_select_by_dep=None, packages_skip_by_dep=None, packages_skip_up_to=None, packages_select_build_failed=False, packages_skip_build_finished=False, packages_select_test_failures=False, packages_skip_test_passed=False, packages_select=None, packages_skip=None, packages_select_regex=None, packages_skip_regex=None, packages_start=None, packages_end=None, allow_overriding=[], cmake_args=None, cmake_target=None, cmake_target_skip_unavailable=False, cmake_clean_cache=False, cmake_clean_first=False, cmake_force_configure=False, ament_cmake_args=None, catkin_cmake_args=None, catkin_skip_building_tests=False, mixin_files=None, mixin=None, verb_parser=<colcon_mixin.mixin.mixin_argument.MixinArgumentDecorator object at 0xffff992f0790>, verb_extension=<colcon_core.verb.build.BuildVerb object at 0xffff99409690>, main=<bound method BuildVerb.main of <colcon_core.verb.build.BuildVerb object at 0xffff99409690>>, mixin_verb=('build',))
[1.270s] Level 1:colcon.colcon_core.package_discovery:discover_packages(colcon_meta) check parameters
[1.270s] Level 1:colcon.colcon_core.package_discovery:discover_packages(recursive) check parameters
[1.270s] Level 1:colcon.colcon_core.package_discovery:discover_packages(ignore) check parameters
[1.271s] Level 1:colcon.colcon_core.package_discovery:discover_packages(path) check parameters
[1.271s] Level 1:colcon.colcon_core.package_discovery:discover_packages(colcon_meta) discover
[1.271s] Level 1:colcon.colcon_core.package_discovery:discover_packages(recursive) discover
[1.271s] INFO:colcon.colcon_core.package_discovery:Crawling recursively for packages in '/home/hci/armi_ws'
[1.272s] Level 1:colcon.colcon_core.package_identification:_identify(.) by extensions ['ignore', 'ignore_ament_install']
[1.272s] Level 1:colcon.colcon_core.package_identification:_identify(.) by extension 'ignore'
[1.272s] Level 1:colcon.colcon_core.package_identification:_identify(.) by extension 'ignore_ament_install'
[1.272s] Level 1:colcon.colcon_core.package_identification:_identify(.) by extensions ['colcon_pkg']
[1.273s] Level 1:colcon.colcon_core.package_identification:_identify(.) by extension 'colcon_pkg'
[1.273s] Level 1:colcon.colcon_core.package_identification:_identify(.) by extensions ['colcon_meta']
[1.273s] Level 1:colcon.colcon_core.package_identification:_identify(.) by extension 'colcon_meta'
[1.273s] Level 1:colcon.colcon_core.package_identification:_identify(.) by extensions ['ros']
[1.273s] Level 1:colcon.colcon_core.package_identification:_identify(.) by extension 'ros'
[1.321s] Level 1:colcon.colcon_core.package_identification:_identify(.) by extensions ['cmake', 'python']
[1.321s] Level 1:colcon.colcon_core.package_identification:_identify(.) by extension 'cmake'
[1.322s] Level 1:colcon.colcon_core.package_identification:_identify(.) by extension 'python'
[1.322s] Level 1:colcon.colcon_core.package_identification:_identify(.) by extensions ['python_setup_py']
[1.322s] Level 1:colcon.colcon_core.package_identification:_identify(.) by extension 'python_setup_py'
[1.322s] Level 1:colcon.colcon_core.package_identification:_identify(build) by extensions ['ignore', 'ignore_ament_install']
[1.323s] Level 1:colcon.colcon_core.package_identification:_identify(build) by extension 'ignore'
[1.323s] Level 1:colcon.colcon_core.package_identification:_identify(build) ignored
[1.324s] Level 1:colcon.colcon_core.package_identification:_identify(install) by extensions ['ignore', 'ignore_ament_install']
[1.324s] Level 1:colcon.colcon_core.package_identification:_identify(install) by extension 'ignore'
[1.324s] Level 1:colcon.colcon_core.package_identification:_identify(install) ignored
[1.325s] Level 1:colcon.colcon_core.package_identification:_identify(log) by extensions ['ignore', 'ignore_ament_install']
[1.325s] Level 1:colcon.colcon_core.package_identification:_identify(log) by extension 'ignore'
[1.325s] Level 1:colcon.colcon_core.package_identification:_identify(log) ignored
[1.326s] Level 1:colcon.colcon_core.package_identification:_identify(src) by extensions ['ignore', 'ignore_ament_install']
[1.326s] Level 1:colcon.colcon_core.package_identification:_identify(src) by extension 'ignore'
[1.326s] Level 1:colcon.colcon_core.package_identification:_identify(src) by extension 'ignore_ament_install'
[1.327s] Level 1:colcon.colcon_core.package_identification:_identify(src) by extensions ['colcon_pkg']
[1.327s] Level 1:colcon.colcon_core.package_identification:_identify(src) by extension 'colcon_pkg'
[1.327s] Level 1:colcon.colcon_core.package_identification:_identify(src) by extensions ['colcon_meta']
[1.327s] Level 1:colcon.colcon_core.package_identification:_identify(src) by extension 'colcon_meta'
[1.327s] Level 1:colcon.colcon_core.package_identification:_identify(src) by extensions ['ros']
[1.327s] Level 1:colcon.colcon_core.package_identification:_identify(src) by extension 'ros'
[1.328s] Level 1:colcon.colcon_core.package_identification:_identify(src) by extensions ['cmake', 'python']
[1.328s] Level 1:colcon.colcon_core.package_identification:_identify(src) by extension 'cmake'
[1.328s] Level 1:colcon.colcon_core.package_identification:_identify(src) by extension 'python'
[1.328s] Level 1:colcon.colcon_core.package_identification:_identify(src) by extensions ['python_setup_py']
[1.328s] Level 1:colcon.colcon_core.package_identification:_identify(src) by extension 'python_setup_py'
[1.329s] Level 1:colcon.colcon_core.package_identification:_identify(src/armi_navigation) by extensions ['ignore', 'ignore_ament_install']
[1.329s] Level 1:colcon.colcon_core.package_identification:_identify(src/armi_navigation) by extension 'ignore'
[1.329s] Level 1:colcon.colcon_core.package_identification:_identify(src/armi_navigation) by extension 'ignore_ament_install'
[1.330s] Level 1:colcon.colcon_core.package_identification:_identify(src/armi_navigation) by extensions ['colcon_pkg']
[1.330s] Level 1:colcon.colcon_core.package_identification:_identify(src/armi_navigation) by extension 'colcon_pkg'
[1.330s] Level 1:colcon.colcon_core.package_identification:_identify(src/armi_navigation) by extensions ['colcon_meta']
[1.330s] Level 1:colcon.colcon_core.package_identification:_identify(src/armi_navigation) by extension 'colcon_meta'
[1.330s] Level 1:colcon.colcon_core.package_identification:_identify(src/armi_navigation) by extensions ['ros']
[1.330s] Level 1:colcon.colcon_core.package_identification:_identify(src/armi_navigation) by extension 'ros'
[1.339s] DEBUG:colcon.colcon_core.package_identification:Package 'src/armi_navigation' with type 'ros.ament_python' and name 'armi_navigation'
[1.339s] Level 1:colcon.colcon_core.package_discovery:discover_packages(recursive) using defaults
[1.339s] Level 1:colcon.colcon_core.package_discovery:discover_packages(ignore) discover
[1.340s] Level 1:colcon.colcon_core.package_discovery:discover_packages(ignore) using defaults
[1.340s] Level 1:colcon.colcon_core.package_discovery:discover_packages(path) discover
[1.340s] Level 1:colcon.colcon_core.package_discovery:discover_packages(path) using defaults
[1.416s] Level 1:colcon.colcon_core.package_discovery:discover_packages(prefix_path) check parameters
[1.416s] Level 1:colcon.colcon_core.package_discovery:discover_packages(prefix_path) discover
[1.427s] DEBUG:colcon.colcon_installed_package_information.package_discovery:Found 7 installed packages in /home/hci/turtlebot3_ws/install
[1.435s] DEBUG:colcon.colcon_installed_package_information.package_discovery:Found 243 installed packages in /opt/ros/humble
[1.440s] Level 1:colcon.colcon_core.package_discovery:discover_packages(prefix_path) using defaults
[1.619s] Level 5:colcon.colcon_core.verb:set package 'armi_navigation' build argument 'cmake_args' from command line to 'None'
[1.619s] Level 5:colcon.colcon_core.verb:set package 'armi_navigation' build argument 'cmake_target' from command line to 'None'
[1.620s] Level 5:colcon.colcon_core.verb:set package 'armi_navigation' build argument 'cmake_target_skip_unavailable' from command line to 'False'
[1.620s] Level 5:colcon.colcon_core.verb:set package 'armi_navigation' build argument 'cmake_clean_cache' from command line to 'False'
[1.620s] Level 5:colcon.colcon_core.verb:set package 'armi_navigation' build argument 'cmake_clean_first' from command line to 'False'
[1.620s] Level 5:colcon.colcon_core.verb:set package 'armi_navigation' build argument 'cmake_force_configure' from command line to 'False'
[1.620s] Level 5:colcon.colcon_core.verb:set package 'armi_navigation' build argument 'ament_cmake_args' from command line to 'None'
[1.620s] Level 5:colcon.colcon_core.verb:set package 'armi_navigation' build argument 'catkin_cmake_args' from command line to 'None'
[1.620s] Level 5:colcon.colcon_core.verb:set package 'armi_navigation' build argument 'catkin_skip_building_tests' from command line to 'False'
[1.620s] DEBUG:colcon.colcon_core.verb:Building package 'armi_navigation' with the following arguments: {'ament_cmake_args': None, 'build_base': '/home/hci/armi_ws/build/armi_navigation', 'catkin_cmake_args': None, 'catkin_skip_building_tests': False, 'cmake_args': None, 'cmake_clean_cache': False, 'cmake_clean_first': False, 'cmake_force_configure': False, 'cmake_target': None, 'cmake_target_skip_unavailable': False, 'install_base': '/home/hci/armi_ws/install/armi_navigation', 'merge_install': False, 'path': '/home/hci/armi_ws/src/armi_navigation', 'symlink_install': False, 'test_result_base': None}
[1.621s] INFO:colcon.colcon_core.executor:Executing jobs using 'parallel' executor
[1.624s] DEBUG:colcon.colcon_parallel_executor.executor.parallel:run_until_complete
[1.625s] INFO:colcon.colcon_ros.task.ament_python.build:Building ROS package in '/home/hci/armi_ws/src/armi_navigation' with build type 'ament_python'
[1.626s] Level 1:colcon.colcon_core.shell:create_environment_hook('armi_navigation', 'ament_prefix_path')
[1.636s] INFO:colcon.colcon_core.plugin_system:Skipping extension 'colcon_core.shell.bat': Not used on non-Windows systems
[1.637s] INFO:colcon.colcon_core.shell:Creating environment hook '/home/hci/armi_ws/install/armi_navigation/share/armi_navigation/hook/ament_prefix_path.ps1'
[1.640s] INFO:colcon.colcon_core.shell:Creating environment descriptor '/home/hci/armi_ws/install/armi_navigation/share/armi_navigation/hook/ament_prefix_path.dsv'
[1.642s] INFO:colcon.colcon_core.shell:Creating environment hook '/home/hci/armi_ws/install/armi_navigation/share/armi_navigation/hook/ament_prefix_path.sh'
[1.646s] INFO:colcon.colcon_core.shell:Skip shell extension 'powershell' for command environment: Not usable outside of PowerShell
[1.647s] DEBUG:colcon.colcon_core.shell:Skip shell extension 'dsv' for command environment
[2.749s] INFO:colcon.colcon_core.task.python.build:Building Python package in '/home/hci/armi_ws/src/armi_navigation'
[2.750s] INFO:colcon.colcon_core.shell:Skip shell extension 'powershell' for command environment: Not usable outside of PowerShell
[2.750s] DEBUG:colcon.colcon_core.shell:Skip shell extension 'dsv' for command environment
[4.290s] DEBUG:colcon.colcon_core.event_handler.log_command:Invoking command in '/home/hci/armi_ws/src/armi_navigation': PYTHONPATH=/home/hci/armi_ws/build/armi_navigation/prefix_override:/usr/lib/python3/dist-packages/colcon_core/task/python/colcon_distutils_commands:/home/hci/armi_ws/install/armi_navigation/lib/python3.10/site-packages:${PYTHONPATH} /usr/bin/python3 -W ignore:setup.py install is deprecated -W ignore:easy_install command is deprecated setup.py egg_info --egg-base ../../build/armi_navigation build --build-base /home/hci/armi_ws/build/armi_navigation/build install --record /home/hci/armi_ws/build/armi_navigation/install.log --single-version-externally-managed install_data
[5.556s] DEBUG:colcon.colcon_core.event_handler.log_command:Invoked command in '/home/hci/armi_ws/src/armi_navigation' returned '0': PYTHONPATH=/home/hci/armi_ws/build/armi_navigation/prefix_override:/usr/lib/python3/dist-packages/colcon_core/task/python/colcon_distutils_commands:/home/hci/armi_ws/install/armi_navigation/lib/python3.10/site-packages:${PYTHONPATH} /usr/bin/python3 -W ignore:setup.py install is deprecated -W ignore:easy_install command is deprecated setup.py egg_info --egg-base ../../build/armi_navigation build --build-base /home/hci/armi_ws/build/armi_navigation/build install --record /home/hci/armi_ws/build/armi_navigation/install.log --single-version-externally-managed install_data
[5.593s] Level 1:colcon.colcon_core.environment:checking '/home/hci/armi_ws/install/armi_navigation' for CMake module files
[5.596s] Level 1:colcon.colcon_core.environment:checking '/home/hci/armi_ws/install/armi_navigation' for CMake config files
[5.601s] Level 1:colcon.colcon_core.environment:checking '/home/hci/armi_ws/install/armi_navigation/lib'
[5.601s] Level 1:colcon.colcon_core.environment:checking '/home/hci/armi_ws/install/armi_navigation/bin'
[5.602s] Level 1:colcon.colcon_core.environment:checking '/home/hci/armi_ws/install/armi_navigation/lib/pkgconfig/armi_navigation.pc'
[5.603s] Level 1:colcon.colcon_core.environment:checking '/home/hci/armi_ws/install/armi_navigation/lib/python3.10/site-packages'
[5.603s] Level 1:colcon.colcon_core.shell:create_environment_hook('armi_navigation', 'pythonpath')
[5.604s] INFO:colcon.colcon_core.shell:Creating environment hook '/home/hci/armi_ws/install/armi_navigation/share/armi_navigation/hook/pythonpath.ps1'
[5.606s] INFO:colcon.colcon_core.shell:Creating environment descriptor '/home/hci/armi_ws/install/armi_navigation/share/armi_navigation/hook/pythonpath.dsv'
[5.608s] INFO:colcon.colcon_core.shell:Creating environment hook '/home/hci/armi_ws/install/armi_navigation/share/armi_navigation/hook/pythonpath.sh'
[5.611s] Level 1:colcon.colcon_core.environment:checking '/home/hci/armi_ws/install/armi_navigation/bin'
[5.611s] Level 1:colcon.colcon_core.environment:create_environment_scripts_only(armi_navigation)
[5.612s] INFO:colcon.colcon_core.shell:Creating package script '/home/hci/armi_ws/install/armi_navigation/share/armi_navigation/package.ps1'
[5.617s] INFO:colcon.colcon_core.shell:Creating package descriptor '/home/hci/armi_ws/install/armi_navigation/share/armi_navigation/package.dsv'
[5.621s] INFO:colcon.colcon_core.shell:Creating package script '/home/hci/armi_ws/install/armi_navigation/share/armi_navigation/package.sh'
[5.626s] INFO:colcon.colcon_core.shell:Creating package script '/home/hci/armi_ws/install/armi_navigation/share/armi_navigation/package.bash'
[5.631s] INFO:colcon.colcon_core.shell:Creating package script '/home/hci/armi_ws/install/armi_navigation/share/armi_navigation/package.zsh'
[5.636s] Level 1:colcon.colcon_core.environment:create_file_with_runtime_dependencies(/home/hci/armi_ws/install/armi_navigation/share/colcon-core/packages/armi_navigation)
[5.637s] DEBUG:colcon.colcon_parallel_executor.executor.parallel:closing loop
[5.638s] DEBUG:colcon.colcon_parallel_executor.executor.parallel:loop closed
[5.639s] DEBUG:colcon.colcon_parallel_executor.executor.parallel:run_until_complete finished with '0'
[5.639s] DEBUG:colcon.colcon_core.event_reactor:joining thread
[5.662s] INFO:colcon.colcon_core.plugin_system:Skipping extension 'colcon_notification.desktop_notification.notify_send': Could not find 'notify-send'
[5.663s] INFO:colcon.colcon_core.plugin_system:Skipping extension 'colcon_notification.desktop_notification.terminal_notifier': Not used on non-Darwin systems
[5.663s] INFO:colcon.colcon_core.plugin_system:Skipping extension 'colcon_notification.desktop_notification.win32': Not used on non-Windows systems
[5.663s] INFO:colcon.colcon_notification.desktop_notification:Sending desktop notification using 'notify2'
[5.666s] DEBUG:colcon.colcon_notification.desktop_notification.notify2:Failed to initialize notify2: org.freedesktop.DBus.Error.ServiceUnknown: The name org.freedesktop.Notifications was not provided by any .service files
[5.666s] DEBUG:colcon.colcon_core.event_reactor:joined thread
[5.667s] INFO:colcon.colcon_core.shell:Creating prefix script '/home/hci/armi_ws/install/local_setup.ps1'
[5.672s] INFO:colcon.colcon_core.shell:Creating prefix util module '/home/hci/armi_ws/install/_local_setup_util_ps1.py'
[5.678s] INFO:colcon.colcon_core.shell:Creating prefix chain script '/home/hci/armi_ws/install/setup.ps1'
[5.685s] INFO:colcon.colcon_core.shell:Creating prefix script '/home/hci/armi_ws/install/local_setup.sh'
[5.688s] INFO:colcon.colcon_core.shell:Creating prefix util module '/home/hci/armi_ws/install/_local_setup_util_sh.py'
[5.691s] INFO:colcon.colcon_core.shell:Creating prefix chain script '/home/hci/armi_ws/install/setup.sh'
[5.697s] INFO:colcon.colcon_core.shell:Creating prefix script '/home/hci/armi_ws/install/local_setup.bash'
[5.700s] INFO:colcon.colcon_core.shell:Creating prefix chain script '/home/hci/armi_ws/install/setup.bash'
[5.706s] INFO:colcon.colcon_core.shell:Creating prefix script '/home/hci/armi_ws/install/local_setup.zsh'
[5.708s] INFO:colcon.colcon_core.shell:Creating prefix chain script '/home/hci/armi_ws/install/setup.zsh'
