[0.689s] DEBUG:colcon:Command line arguments: ['/usr/bin/colcon', 'build']
[0.690s] DEBUG:colcon:Parsed command line arguments: Namespace(log_base=None, log_level=None, verb_name='build', build_base='build', install_base='install', merge_install=False, symlink_install=False, test_result_base=None, continue_on_error=False, executor='parallel', parallel_workers=4, event_handlers=None, ignore_user_meta=False, metas=['./colcon.meta'], base_paths=['.'], packages_ignore=None, packages_ignore_regex=None, paths=None, packages_up_to=None, packages_up_to_regex=None, packages_above=None, packages_above_and_dependencies=None, packages_above_depth=None, packages_select_by_dep=None, packages_skip_by_dep=None, packages_skip_up_to=None, packages_select_build_failed=False, packages_skip_build_finished=False, packages_select_test_failures=False, packages_skip_test_passed=False, packages_select=None, packages_skip=None, packages_select_regex=None, packages_skip_regex=None, packages_start=None, packages_end=None, allow_overriding=[], cmake_args=None, cmake_target=None, cmake_target_skip_unavailable=False, cmake_clean_cache=False, cmake_clean_first=False, cmake_force_configure=False, ament_cmake_args=None, catkin_cmake_args=None, catkin_skip_building_tests=False, mixin_files=None, mixin=None, verb_parser=<colcon_mixin.mixin.mixin_argument.MixinArgumentDecorator object at 0xffffb9c8bf10>, verb_extension=<colcon_core.verb.build.BuildVerb object at 0xffffb9dccee0>, main=<bound method BuildVerb.main of <colcon_core.verb.build.BuildVerb object at 0xffffb9dccee0>>, mixin_verb=('build',))
[1.810s] Level 1:colcon.colcon_core.package_discovery:discover_packages(colcon_meta) check parameters
[1.811s] Level 1:colcon.colcon_core.package_discovery:discover_packages(recursive) check parameters
[1.811s] Level 1:colcon.colcon_core.package_discovery:discover_packages(ignore) check parameters
[1.812s] Level 1:colcon.colcon_core.package_discovery:discover_packages(path) check parameters
[1.812s] Level 1:colcon.colcon_core.package_discovery:discover_packages(colcon_meta) discover
[1.812s] Level 1:colcon.colcon_core.package_discovery:discover_packages(recursive) discover
[1.812s] INFO:colcon.colcon_core.package_discovery:Crawling recursively for packages in '/home/hci/armi_ws'
[1.813s] Level 1:colcon.colcon_core.package_identification:_identify(.) by extensions ['ignore', 'ignore_ament_install']
[1.813s] Level 1:colcon.colcon_core.package_identification:_identify(.) by extension 'ignore'
[1.814s] Level 1:colcon.colcon_core.package_identification:_identify(.) by extension 'ignore_ament_install'
[1.814s] Level 1:colcon.colcon_core.package_identification:_identify(.) by extensions ['colcon_pkg']
[1.814s] Level 1:colcon.colcon_core.package_identification:_identify(.) by extension 'colcon_pkg'
[1.815s] Level 1:colcon.colcon_core.package_identification:_identify(.) by extensions ['colcon_meta']
[1.815s] Level 1:colcon.colcon_core.package_identification:_identify(.) by extension 'colcon_meta'
[1.815s] Level 1:colcon.colcon_core.package_identification:_identify(.) by extensions ['ros']
[1.815s] Level 1:colcon.colcon_core.package_identification:_identify(.) by extension 'ros'
[1.872s] Level 1:colcon.colcon_core.package_identification:_identify(.) by extensions ['cmake', 'python']
[1.873s] Level 1:colcon.colcon_core.package_identification:_identify(.) by extension 'cmake'
[1.873s] Level 1:colcon.colcon_core.package_identification:_identify(.) by extension 'python'
[1.873s] Level 1:colcon.colcon_core.package_identification:_identify(.) by extensions ['python_setup_py']
[1.874s] Level 1:colcon.colcon_core.package_identification:_identify(.) by extension 'python_setup_py'
[1.874s] Level 1:colcon.colcon_core.package_identification:_identify(build) by extensions ['ignore', 'ignore_ament_install']
[1.875s] Level 1:colcon.colcon_core.package_identification:_identify(build) by extension 'ignore'
[1.875s] Level 1:colcon.colcon_core.package_identification:_identify(build) ignored
[1.876s] Level 1:colcon.colcon_core.package_identification:_identify(install) by extensions ['ignore', 'ignore_ament_install']
[1.877s] Level 1:colcon.colcon_core.package_identification:_identify(install) by extension 'ignore'
[1.877s] Level 1:colcon.colcon_core.package_identification:_identify(install) ignored
[1.878s] Level 1:colcon.colcon_core.package_identification:_identify(log) by extensions ['ignore', 'ignore_ament_install']
[1.879s] Level 1:colcon.colcon_core.package_identification:_identify(log) by extension 'ignore'
[1.879s] Level 1:colcon.colcon_core.package_identification:_identify(log) ignored
[1.880s] Level 1:colcon.colcon_core.package_identification:_identify(src) by extensions ['ignore', 'ignore_ament_install']
[1.881s] Level 1:colcon.colcon_core.package_identification:_identify(src) by extension 'ignore'
[1.881s] Level 1:colcon.colcon_core.package_identification:_identify(src) by extension 'ignore_ament_install'
[1.882s] Level 1:colcon.colcon_core.package_identification:_identify(src) by extensions ['colcon_pkg']
[1.882s] Level 1:colcon.colcon_core.package_identification:_identify(src) by extension 'colcon_pkg'
[1.882s] Level 1:colcon.colcon_core.package_identification:_identify(src) by extensions ['colcon_meta']
[1.883s] Level 1:colcon.colcon_core.package_identification:_identify(src) by extension 'colcon_meta'
[1.883s] Level 1:colcon.colcon_core.package_identification:_identify(src) by extensions ['ros']
[1.883s] Level 1:colcon.colcon_core.package_identification:_identify(src) by extension 'ros'
[1.884s] Level 1:colcon.colcon_core.package_identification:_identify(src) by extensions ['cmake', 'python']
[1.884s] Level 1:colcon.colcon_core.package_identification:_identify(src) by extension 'cmake'
[1.884s] Level 1:colcon.colcon_core.package_identification:_identify(src) by extension 'python'
[1.885s] Level 1:colcon.colcon_core.package_identification:_identify(src) by extensions ['python_setup_py']
[1.885s] Level 1:colcon.colcon_core.package_identification:_identify(src) by extension 'python_setup_py'
[1.886s] Level 1:colcon.colcon_core.package_identification:_identify(src/camera_module) by extensions ['ignore', 'ignore_ament_install']
[1.887s] Level 1:colcon.colcon_core.package_identification:_identify(src/camera_module) by extension 'ignore'
[1.888s] Level 1:colcon.colcon_core.package_identification:_identify(src/camera_module) by extension 'ignore_ament_install'
[1.888s] Level 1:colcon.colcon_core.package_identification:_identify(src/camera_module) by extensions ['colcon_pkg']
[1.889s] Level 1:colcon.colcon_core.package_identification:_identify(src/camera_module) by extension 'colcon_pkg'
[1.889s] Level 1:colcon.colcon_core.package_identification:_identify(src/camera_module) by extensions ['colcon_meta']
[1.890s] Level 1:colcon.colcon_core.package_identification:_identify(src/camera_module) by extension 'colcon_meta'
[1.890s] Level 1:colcon.colcon_core.package_identification:_identify(src/camera_module) by extensions ['ros']
[1.891s] Level 1:colcon.colcon_core.package_identification:_identify(src/camera_module) by extension 'ros'
[1.902s] DEBUG:colcon.colcon_core.package_identification:Package 'src/camera_module' with type 'ros.ament_python' and name 'camera_module'
[1.902s] Level 1:colcon.colcon_core.package_discovery:discover_packages(recursive) using defaults
[1.902s] Level 1:colcon.colcon_core.package_discovery:discover_packages(ignore) discover
[1.902s] Level 1:colcon.colcon_core.package_discovery:discover_packages(ignore) using defaults
[1.903s] Level 1:colcon.colcon_core.package_discovery:discover_packages(path) discover
[1.903s] Level 1:colcon.colcon_core.package_discovery:discover_packages(path) using defaults
[1.995s] Level 1:colcon.colcon_core.package_discovery:discover_packages(prefix_path) check parameters
[1.995s] Level 1:colcon.colcon_core.package_discovery:discover_packages(prefix_path) discover
[2.013s] DEBUG:colcon.colcon_installed_package_information.package_discovery:Found 187 installed packages in /opt/ros/humble
[2.018s] Level 1:colcon.colcon_core.package_discovery:discover_packages(prefix_path) using defaults
[2.258s] Level 5:colcon.colcon_core.verb:set package 'camera_module' build argument 'cmake_args' from command line to 'None'
[2.259s] Level 5:colcon.colcon_core.verb:set package 'camera_module' build argument 'cmake_target' from command line to 'None'
[2.260s] Level 5:colcon.colcon_core.verb:set package 'camera_module' build argument 'cmake_target_skip_unavailable' from command line to 'False'
[2.261s] Level 5:colcon.colcon_core.verb:set package 'camera_module' build argument 'cmake_clean_cache' from command line to 'False'
[2.262s] Level 5:colcon.colcon_core.verb:set package 'camera_module' build argument 'cmake_clean_first' from command line to 'False'
[2.263s] Level 5:colcon.colcon_core.verb:set package 'camera_module' build argument 'cmake_force_configure' from command line to 'False'
[2.263s] Level 5:colcon.colcon_core.verb:set package 'camera_module' build argument 'ament_cmake_args' from command line to 'None'
[2.264s] Level 5:colcon.colcon_core.verb:set package 'camera_module' build argument 'catkin_cmake_args' from command line to 'None'
[2.265s] Level 5:colcon.colcon_core.verb:set package 'camera_module' build argument 'catkin_skip_building_tests' from command line to 'False'
[2.266s] DEBUG:colcon.colcon_core.verb:Building package 'camera_module' with the following arguments: {'ament_cmake_args': None, 'build_base': '/home/hci/armi_ws/build/camera_module', 'catkin_cmake_args': None, 'catkin_skip_building_tests': False, 'cmake_args': None, 'cmake_clean_cache': False, 'cmake_clean_first': False, 'cmake_force_configure': False, 'cmake_target': None, 'cmake_target_skip_unavailable': False, 'install_base': '/home/hci/armi_ws/install/camera_module', 'merge_install': False, 'path': '/home/hci/armi_ws/src/camera_module', 'symlink_install': False, 'test_result_base': None}
[2.267s] INFO:colcon.colcon_core.executor:Executing jobs using 'parallel' executor
[2.272s] DEBUG:colcon.colcon_parallel_executor.executor.parallel:run_until_complete
[2.274s] INFO:colcon.colcon_ros.task.ament_python.build:Building ROS package in '/home/hci/armi_ws/src/camera_module' with build type 'ament_python'
[2.276s] Level 1:colcon.colcon_core.shell:create_environment_hook('camera_module', 'ament_prefix_path')
[2.289s] INFO:colcon.colcon_core.plugin_system:Skipping extension 'colcon_core.shell.bat': Not used on non-Windows systems
[2.291s] INFO:colcon.colcon_core.shell:Creating environment hook '/home/hci/armi_ws/install/camera_module/share/camera_module/hook/ament_prefix_path.ps1'
[2.297s] INFO:colcon.colcon_core.shell:Creating environment descriptor '/home/hci/armi_ws/install/camera_module/share/camera_module/hook/ament_prefix_path.dsv'
[2.301s] INFO:colcon.colcon_core.shell:Creating environment hook '/home/hci/armi_ws/install/camera_module/share/camera_module/hook/ament_prefix_path.sh'
[2.308s] INFO:colcon.colcon_core.shell:Skip shell extension 'powershell' for command environment: Not usable outside of PowerShell
[2.308s] DEBUG:colcon.colcon_core.shell:Skip shell extension 'dsv' for command environment
[3.943s] INFO:colcon.colcon_core.task.python.build:Building Python package in '/home/hci/armi_ws/src/camera_module'
[3.945s] INFO:colcon.colcon_core.shell:Skip shell extension 'powershell' for command environment: Not usable outside of PowerShell
[3.945s] DEBUG:colcon.colcon_core.shell:Skip shell extension 'dsv' for command environment
[5.635s] DEBUG:colcon.colcon_core.event_handler.log_command:Invoking command in '/home/hci/armi_ws/src/camera_module': PYTHONPATH=/home/hci/armi_ws/build/camera_module/prefix_override:/usr/lib/python3/dist-packages/colcon_core/task/python/colcon_distutils_commands:/home/hci/armi_ws/install/camera_module/lib/python3.10/site-packages:${PYTHONPATH} /usr/bin/python3 -W ignore:setup.py install is deprecated -W ignore:easy_install command is deprecated setup.py egg_info --egg-base ../../build/camera_module build --build-base /home/hci/armi_ws/build/camera_module/build install --record /home/hci/armi_ws/build/camera_module/install.log --single-version-externally-managed install_data
[6.926s] DEBUG:colcon.colcon_core.event_handler.log_command:Invoked command in '/home/hci/armi_ws/src/camera_module' returned '0': PYTHONPATH=/home/hci/armi_ws/build/camera_module/prefix_override:/usr/lib/python3/dist-packages/colcon_core/task/python/colcon_distutils_commands:/home/hci/armi_ws/install/camera_module/lib/python3.10/site-packages:${PYTHONPATH} /usr/bin/python3 -W ignore:setup.py install is deprecated -W ignore:easy_install command is deprecated setup.py egg_info --egg-base ../../build/camera_module build --build-base /home/hci/armi_ws/build/camera_module/build install --record /home/hci/armi_ws/build/camera_module/install.log --single-version-externally-managed install_data
[6.936s] Level 1:colcon.colcon_core.environment:checking '/home/hci/armi_ws/install/camera_module' for CMake module files
[6.938s] Level 1:colcon.colcon_core.environment:checking '/home/hci/armi_ws/install/camera_module' for CMake config files
[6.942s] Level 1:colcon.colcon_core.environment:checking '/home/hci/armi_ws/install/camera_module/lib'
[6.943s] Level 1:colcon.colcon_core.environment:checking '/home/hci/armi_ws/install/camera_module/bin'
[6.943s] Level 1:colcon.colcon_core.environment:checking '/home/hci/armi_ws/install/camera_module/lib/pkgconfig/camera_module.pc'
[6.944s] Level 1:colcon.colcon_core.environment:checking '/home/hci/armi_ws/install/camera_module/lib/python3.10/site-packages'
[6.944s] Level 1:colcon.colcon_core.shell:create_environment_hook('camera_module', 'pythonpath')
[6.945s] INFO:colcon.colcon_core.shell:Creating environment hook '/home/hci/armi_ws/install/camera_module/share/camera_module/hook/pythonpath.ps1'
[6.947s] INFO:colcon.colcon_core.shell:Creating environment descriptor '/home/hci/armi_ws/install/camera_module/share/camera_module/hook/pythonpath.dsv'
[6.949s] INFO:colcon.colcon_core.shell:Creating environment hook '/home/hci/armi_ws/install/camera_module/share/camera_module/hook/pythonpath.sh'
[6.952s] Level 1:colcon.colcon_core.environment:checking '/home/hci/armi_ws/install/camera_module/bin'
[6.953s] Level 1:colcon.colcon_core.environment:create_environment_scripts_only(camera_module)
[6.954s] INFO:colcon.colcon_core.shell:Creating package script '/home/hci/armi_ws/install/camera_module/share/camera_module/package.ps1'
[6.958s] INFO:colcon.colcon_core.shell:Creating package descriptor '/home/hci/armi_ws/install/camera_module/share/camera_module/package.dsv'
[6.960s] INFO:colcon.colcon_core.shell:Creating package script '/home/hci/armi_ws/install/camera_module/share/camera_module/package.sh'
[6.964s] INFO:colcon.colcon_core.shell:Creating package script '/home/hci/armi_ws/install/camera_module/share/camera_module/package.bash'
[6.968s] INFO:colcon.colcon_core.shell:Creating package script '/home/hci/armi_ws/install/camera_module/share/camera_module/package.zsh'
[6.972s] Level 1:colcon.colcon_core.environment:create_file_with_runtime_dependencies(/home/hci/armi_ws/install/camera_module/share/colcon-core/packages/camera_module)
[6.974s] DEBUG:colcon.colcon_parallel_executor.executor.parallel:closing loop
[6.975s] DEBUG:colcon.colcon_parallel_executor.executor.parallel:loop closed
[6.976s] DEBUG:colcon.colcon_parallel_executor.executor.parallel:run_until_complete finished with '0'
[6.977s] DEBUG:colcon.colcon_core.event_reactor:joining thread
[7.000s] INFO:colcon.colcon_core.plugin_system:Skipping extension 'colcon_notification.desktop_notification.notify_send': Could not find 'notify-send'
[7.000s] INFO:colcon.colcon_core.plugin_system:Skipping extension 'colcon_notification.desktop_notification.terminal_notifier': Not used on non-Darwin systems
[7.000s] INFO:colcon.colcon_core.plugin_system:Skipping extension 'colcon_notification.desktop_notification.win32': Not used on non-Windows systems
[7.001s] INFO:colcon.colcon_notification.desktop_notification:Sending desktop notification using 'notify2'
[7.004s] DEBUG:colcon.colcon_notification.desktop_notification.notify2:Failed to initialize notify2: org.freedesktop.DBus.Error.ServiceUnknown: The name org.freedesktop.Notifications was not provided by any .service files
[7.005s] DEBUG:colcon.colcon_core.event_reactor:joined thread
[7.006s] INFO:colcon.colcon_core.shell:Creating prefix script '/home/hci/armi_ws/install/local_setup.ps1'
[7.010s] INFO:colcon.colcon_core.shell:Creating prefix util module '/home/hci/armi_ws/install/_local_setup_util_ps1.py'
[7.016s] INFO:colcon.colcon_core.shell:Creating prefix chain script '/home/hci/armi_ws/install/setup.ps1'
[7.020s] INFO:colcon.colcon_core.shell:Creating prefix script '/home/hci/armi_ws/install/local_setup.sh'
[7.023s] INFO:colcon.colcon_core.shell:Creating prefix util module '/home/hci/armi_ws/install/_local_setup_util_sh.py'
[7.026s] INFO:colcon.colcon_core.shell:Creating prefix chain script '/home/hci/armi_ws/install/setup.sh'
[7.030s] INFO:colcon.colcon_core.shell:Creating prefix script '/home/hci/armi_ws/install/local_setup.bash'
[7.032s] INFO:colcon.colcon_core.shell:Creating prefix chain script '/home/hci/armi_ws/install/setup.bash'
[7.036s] INFO:colcon.colcon_core.shell:Creating prefix script '/home/hci/armi_ws/install/local_setup.zsh'
[7.038s] INFO:colcon.colcon_core.shell:Creating prefix chain script '/home/hci/armi_ws/install/setup.zsh'
