[2.636s] Invoking command in '/home/hci/armi_ws/src/camera_module': PYTHONPATH=/home/hci/armi_ws/build/camera_module/prefix_override:/usr/lib/python3/dist-packages/colcon_core/task/python/colcon_distutils_commands:/home/hci/armi_ws/install/camera_module/lib/python3.10/site-packages:${PYTHONPATH} /usr/bin/python3 -W ignore:setup.py install is deprecated -W ignore:easy_install command is deprecated setup.py egg_info --egg-base ../../build/camera_module build --build-base /home/hci/armi_ws/build/camera_module/build install --record /home/hci/armi_ws/build/camera_module/install.log --single-version-externally-managed install_data
[3.655s] running egg_info
[3.658s] writing ../../build/camera_module/camera_module.egg-info/PKG-INFO
[3.659s] writing dependency_links to ../../build/camera_module/camera_module.egg-info/dependency_links.txt
[3.660s] writing entry points to ../../build/camera_module/camera_module.egg-info/entry_points.txt
[3.661s] writing requirements to ../../build/camera_module/camera_module.egg-info/requires.txt
[3.661s] writing top-level names to ../../build/camera_module/camera_module.egg-info/top_level.txt
[3.669s] reading manifest file '../../build/camera_module/camera_module.egg-info/SOURCES.txt'
[3.670s] adding license file 'LICENSE'
[3.673s] writing manifest file '../../build/camera_module/camera_module.egg-info/SOURCES.txt'
[3.674s] running build
[3.674s] running build_py
[3.676s] running install
[3.677s] running install_lib
[3.682s] running install_data
[3.683s] running install_egg_info
[3.689s] removing '/home/hci/armi_ws/install/camera_module/lib/python3.10/site-packages/camera_module-0.0.1-py3.10.egg-info' (and everything under it)
[3.691s] Copying ../../build/camera_module/camera_module.egg-info to /home/hci/armi_ws/install/camera_module/lib/python3.10/site-packages/camera_module-0.0.1-py3.10.egg-info
[3.698s] running install_scripts
[3.777s] Installing camera_node script to /home/hci/armi_ws/install/camera_module/lib/yolo_module
[3.779s] writing list of installed files to '/home/hci/armi_ws/build/camera_module/install.log'
[3.893s] Invoked command in '/home/hci/armi_ws/src/camera_module' returned '0': PYTHONPATH=/home/hci/armi_ws/build/camera_module/prefix_override:/usr/lib/python3/dist-packages/colcon_core/task/python/colcon_distutils_commands:/home/hci/armi_ws/install/camera_module/lib/python3.10/site-packages:${PYTHONPATH} /usr/bin/python3 -W ignore:setup.py install is deprecated -W ignore:easy_install command is deprecated setup.py egg_info --egg-base ../../build/camera_module build --build-base /home/hci/armi_ws/build/camera_module/build install --record /home/hci/armi_ws/build/camera_module/install.log --single-version-externally-managed install_data
