[0.439s] DEBUG:colcon:Command line arguments: ['/usr/bin/colcon', 'build']
[0.440s] DEBUG:colcon:Parsed command line arguments: Namespace(log_base=None, log_level=None, verb_name='build', build_base='build', install_base='install', merge_install=False, symlink_install=False, test_result_base=None, continue_on_error=False, executor='parallel', parallel_workers=4, event_handlers=None, ignore_user_meta=False, metas=['./colcon.meta'], base_paths=['.'], packages_ignore=None, packages_ignore_regex=None, paths=None, packages_up_to=None, packages_up_to_regex=None, packages_above=None, packages_above_and_dependencies=None, packages_above_depth=None, packages_select_by_dep=None, packages_skip_by_dep=None, packages_skip_up_to=None, packages_select_build_failed=False, packages_skip_build_finished=False, packages_select_test_failures=False, packages_skip_test_passed=False, packages_select=None, packages_skip=None, packages_select_regex=None, packages_skip_regex=None, packages_start=None, packages_end=None, allow_overriding=[], cmake_args=None, cmake_target=None, cmake_target_skip_unavailable=False, cmake_clean_cache=False, cmake_clean_first=False, cmake_force_configure=False, ament_cmake_args=None, catkin_cmake_args=None, catkin_skip_building_tests=False, mixin_files=None, mixin=None, verb_parser=<colcon_mixin.mixin.mixin_argument.MixinArgumentDecorator object at 0xffffb52c8eb0>, verb_extension=<colcon_core.verb.build.BuildVerb object at 0xffffb53d1db0>, main=<bound method BuildVerb.main of <colcon_core.verb.build.BuildVerb object at 0xffffb53d1db0>>, mixin_verb=('build',))
[1.128s] Level 1:colcon.colcon_core.package_discovery:discover_packages(colcon_meta) check parameters
[1.129s] Level 1:colcon.colcon_core.package_discovery:discover_packages(recursive) check parameters
[1.129s] Level 1:colcon.colcon_core.package_discovery:discover_packages(ignore) check parameters
[1.129s] Level 1:colcon.colcon_core.package_discovery:discover_packages(path) check parameters
[1.129s] Level 1:colcon.colcon_core.package_discovery:discover_packages(colcon_meta) discover
[1.129s] Level 1:colcon.colcon_core.package_discovery:discover_packages(recursive) discover
[1.130s] INFO:colcon.colcon_core.package_discovery:Crawling recursively for packages in '/home/hci/armi_ws'
[1.130s] Level 1:colcon.colcon_core.package_identification:_identify(.) by extensions ['ignore', 'ignore_ament_install']
[1.130s] Level 1:colcon.colcon_core.package_identification:_identify(.) by extension 'ignore'
[1.131s] Level 1:colcon.colcon_core.package_identification:_identify(.) by extension 'ignore_ament_install'
[1.131s] Level 1:colcon.colcon_core.package_identification:_identify(.) by extensions ['colcon_pkg']
[1.131s] Level 1:colcon.colcon_core.package_identification:_identify(.) by extension 'colcon_pkg'
[1.131s] Level 1:colcon.colcon_core.package_identification:_identify(.) by extensions ['colcon_meta']
[1.131s] Level 1:colcon.colcon_core.package_identification:_identify(.) by extension 'colcon_meta'
[1.131s] Level 1:colcon.colcon_core.package_identification:_identify(.) by extensions ['ros']
[1.132s] Level 1:colcon.colcon_core.package_identification:_identify(.) by extension 'ros'
[1.180s] Level 1:colcon.colcon_core.package_identification:_identify(.) by extensions ['cmake', 'python']
[1.180s] Level 1:colcon.colcon_core.package_identification:_identify(.) by extension 'cmake'
[1.180s] Level 1:colcon.colcon_core.package_identification:_identify(.) by extension 'python'
[1.181s] Level 1:colcon.colcon_core.package_identification:_identify(.) by extensions ['python_setup_py']
[1.181s] Level 1:colcon.colcon_core.package_identification:_identify(.) by extension 'python_setup_py'
[1.181s] Level 1:colcon.colcon_core.package_identification:_identify(build) by extensions ['ignore', 'ignore_ament_install']
[1.182s] Level 1:colcon.colcon_core.package_identification:_identify(build) by extension 'ignore'
[1.182s] Level 1:colcon.colcon_core.package_identification:_identify(build) ignored
[1.182s] Level 1:colcon.colcon_core.package_identification:_identify(install) by extensions ['ignore', 'ignore_ament_install']
[1.183s] Level 1:colcon.colcon_core.package_identification:_identify(install) by extension 'ignore'
[1.183s] Level 1:colcon.colcon_core.package_identification:_identify(install) ignored
[1.184s] Level 1:colcon.colcon_core.package_identification:_identify(log) by extensions ['ignore', 'ignore_ament_install']
[1.184s] Level 1:colcon.colcon_core.package_identification:_identify(log) by extension 'ignore'
[1.184s] Level 1:colcon.colcon_core.package_identification:_identify(log) ignored
[1.184s] Level 1:colcon.colcon_core.package_identification:_identify(src) by extensions ['ignore', 'ignore_ament_install']
[1.185s] Level 1:colcon.colcon_core.package_identification:_identify(src) by extension 'ignore'
[1.185s] Level 1:colcon.colcon_core.package_identification:_identify(src) by extension 'ignore_ament_install'
[1.185s] Level 1:colcon.colcon_core.package_identification:_identify(src) by extensions ['colcon_pkg']
[1.185s] Level 1:colcon.colcon_core.package_identification:_identify(src) by extension 'colcon_pkg'
[1.186s] Level 1:colcon.colcon_core.package_identification:_identify(src) by extensions ['colcon_meta']
[1.186s] Level 1:colcon.colcon_core.package_identification:_identify(src) by extension 'colcon_meta'
[1.186s] Level 1:colcon.colcon_core.package_identification:_identify(src) by extensions ['ros']
[1.186s] Level 1:colcon.colcon_core.package_identification:_identify(src) by extension 'ros'
[1.186s] Level 1:colcon.colcon_core.package_identification:_identify(src) by extensions ['cmake', 'python']
[1.187s] Level 1:colcon.colcon_core.package_identification:_identify(src) by extension 'cmake'
[1.187s] Level 1:colcon.colcon_core.package_identification:_identify(src) by extension 'python'
[1.187s] Level 1:colcon.colcon_core.package_identification:_identify(src) by extensions ['python_setup_py']
[1.187s] Level 1:colcon.colcon_core.package_identification:_identify(src) by extension 'python_setup_py'
[1.187s] Level 1:colcon.colcon_core.package_identification:_identify(src/camera_module) by extensions ['ignore', 'ignore_ament_install']
[1.188s] Level 1:colcon.colcon_core.package_identification:_identify(src/camera_module) by extension 'ignore'
[1.188s] Level 1:colcon.colcon_core.package_identification:_identify(src/camera_module) by extension 'ignore_ament_install'
[1.188s] Level 1:colcon.colcon_core.package_identification:_identify(src/camera_module) by extensions ['colcon_pkg']
[1.188s] Level 1:colcon.colcon_core.package_identification:_identify(src/camera_module) by extension 'colcon_pkg'
[1.189s] Level 1:colcon.colcon_core.package_identification:_identify(src/camera_module) by extensions ['colcon_meta']
[1.189s] Level 1:colcon.colcon_core.package_identification:_identify(src/camera_module) by extension 'colcon_meta'
[1.189s] Level 1:colcon.colcon_core.package_identification:_identify(src/camera_module) by extensions ['ros']
[1.189s] Level 1:colcon.colcon_core.package_identification:_identify(src/camera_module) by extension 'ros'
[1.197s] DEBUG:colcon.colcon_core.package_identification:Package 'src/camera_module' with type 'ros.ament_python' and name 'camera_module'
[1.198s] Level 1:colcon.colcon_core.package_discovery:discover_packages(recursive) using defaults
[1.198s] Level 1:colcon.colcon_core.package_discovery:discover_packages(ignore) discover
[1.198s] Level 1:colcon.colcon_core.package_discovery:discover_packages(ignore) using defaults
[1.198s] Level 1:colcon.colcon_core.package_discovery:discover_packages(path) discover
[1.198s] Level 1:colcon.colcon_core.package_discovery:discover_packages(path) using defaults
[1.273s] Level 1:colcon.colcon_core.package_discovery:discover_packages(prefix_path) check parameters
[1.273s] Level 1:colcon.colcon_core.package_discovery:discover_packages(prefix_path) discover
[1.283s] DEBUG:colcon.colcon_installed_package_information.package_discovery:Found 1 installed packages in /home/hci/armi_ws/install
[1.286s] DEBUG:colcon.colcon_installed_package_information.package_discovery:Found 7 installed packages in /home/hci/turtlebot3_ws/install
[1.292s] DEBUG:colcon.colcon_installed_package_information.package_discovery:Found 187 installed packages in /opt/ros/humble
[1.297s] Level 1:colcon.colcon_core.package_discovery:discover_packages(prefix_path) using defaults
[1.451s] Level 5:colcon.colcon_core.verb:set package 'camera_module' build argument 'cmake_args' from command line to 'None'
[1.451s] Level 5:colcon.colcon_core.verb:set package 'camera_module' build argument 'cmake_target' from command line to 'None'
[1.451s] Level 5:colcon.colcon_core.verb:set package 'camera_module' build argument 'cmake_target_skip_unavailable' from command line to 'False'
[1.452s] Level 5:colcon.colcon_core.verb:set package 'camera_module' build argument 'cmake_clean_cache' from command line to 'False'
[1.452s] Level 5:colcon.colcon_core.verb:set package 'camera_module' build argument 'cmake_clean_first' from command line to 'False'
[1.452s] Level 5:colcon.colcon_core.verb:set package 'camera_module' build argument 'cmake_force_configure' from command line to 'False'
[1.452s] Level 5:colcon.colcon_core.verb:set package 'camera_module' build argument 'ament_cmake_args' from command line to 'None'
[1.452s] Level 5:colcon.colcon_core.verb:set package 'camera_module' build argument 'catkin_cmake_args' from command line to 'None'
[1.452s] Level 5:colcon.colcon_core.verb:set package 'camera_module' build argument 'catkin_skip_building_tests' from command line to 'False'
[1.452s] DEBUG:colcon.colcon_core.verb:Building package 'camera_module' with the following arguments: {'ament_cmake_args': None, 'build_base': '/home/hci/armi_ws/build/camera_module', 'catkin_cmake_args': None, 'catkin_skip_building_tests': False, 'cmake_args': None, 'cmake_clean_cache': False, 'cmake_clean_first': False, 'cmake_force_configure': False, 'cmake_target': None, 'cmake_target_skip_unavailable': False, 'install_base': '/home/hci/armi_ws/install/camera_module', 'merge_install': False, 'path': '/home/hci/armi_ws/src/camera_module', 'symlink_install': False, 'test_result_base': None}
[1.453s] INFO:colcon.colcon_core.executor:Executing jobs using 'parallel' executor
[1.456s] DEBUG:colcon.colcon_parallel_executor.executor.parallel:run_until_complete
[1.457s] INFO:colcon.colcon_ros.task.ament_python.build:Building ROS package in '/home/hci/armi_ws/src/camera_module' with build type 'ament_python'
[1.458s] Level 1:colcon.colcon_core.shell:create_environment_hook('camera_module', 'ament_prefix_path')
[1.467s] INFO:colcon.colcon_core.plugin_system:Skipping extension 'colcon_core.shell.bat': Not used on non-Windows systems
[1.468s] INFO:colcon.colcon_core.shell:Creating environment hook '/home/hci/armi_ws/install/camera_module/share/camera_module/hook/ament_prefix_path.ps1'
[1.471s] INFO:colcon.colcon_core.shell:Creating environment descriptor '/home/hci/armi_ws/install/camera_module/share/camera_module/hook/ament_prefix_path.dsv'
[1.473s] INFO:colcon.colcon_core.shell:Creating environment hook '/home/hci/armi_ws/install/camera_module/share/camera_module/hook/ament_prefix_path.sh'
[1.477s] INFO:colcon.colcon_core.shell:Skip shell extension 'powershell' for command environment: Not usable outside of PowerShell
[1.477s] DEBUG:colcon.colcon_core.shell:Skip shell extension 'dsv' for command environment
[2.573s] INFO:colcon.colcon_core.task.python.build:Building Python package in '/home/hci/armi_ws/src/camera_module'
[2.574s] INFO:colcon.colcon_core.shell:Skip shell extension 'powershell' for command environment: Not usable outside of PowerShell
[2.574s] DEBUG:colcon.colcon_core.shell:Skip shell extension 'dsv' for command environment
[4.092s] DEBUG:colcon.colcon_core.event_handler.log_command:Invoking command in '/home/hci/armi_ws/src/camera_module': PYTHONPATH=/home/hci/armi_ws/build/camera_module/prefix_override:/usr/lib/python3/dist-packages/colcon_core/task/python/colcon_distutils_commands:/home/hci/armi_ws/install/camera_module/lib/python3.10/site-packages:${PYTHONPATH} /usr/bin/python3 -W ignore:setup.py install is deprecated -W ignore:easy_install command is deprecated setup.py egg_info --egg-base ../../build/camera_module build --build-base /home/hci/armi_ws/build/camera_module/build install --record /home/hci/armi_ws/build/camera_module/install.log --single-version-externally-managed install_data
[5.344s] DEBUG:colcon.colcon_core.event_handler.log_command:Invoked command in '/home/hci/armi_ws/src/camera_module' returned '0': PYTHONPATH=/home/hci/armi_ws/build/camera_module/prefix_override:/usr/lib/python3/dist-packages/colcon_core/task/python/colcon_distutils_commands:/home/hci/armi_ws/install/camera_module/lib/python3.10/site-packages:${PYTHONPATH} /usr/bin/python3 -W ignore:setup.py install is deprecated -W ignore:easy_install command is deprecated setup.py egg_info --egg-base ../../build/camera_module build --build-base /home/hci/armi_ws/build/camera_module/build install --record /home/hci/armi_ws/build/camera_module/install.log --single-version-externally-managed install_data
[5.356s] Level 1:colcon.colcon_core.environment:checking '/home/hci/armi_ws/install/camera_module' for CMake module files
[5.361s] Level 1:colcon.colcon_core.environment:checking '/home/hci/armi_ws/install/camera_module' for CMake config files
[5.366s] Level 1:colcon.colcon_core.environment:checking '/home/hci/armi_ws/install/camera_module/lib'
[5.367s] Level 1:colcon.colcon_core.environment:checking '/home/hci/armi_ws/install/camera_module/bin'
[5.367s] Level 1:colcon.colcon_core.environment:checking '/home/hci/armi_ws/install/camera_module/lib/pkgconfig/camera_module.pc'
[5.369s] Level 1:colcon.colcon_core.environment:checking '/home/hci/armi_ws/install/camera_module/lib/python3.10/site-packages'
[5.369s] Level 1:colcon.colcon_core.shell:create_environment_hook('camera_module', 'pythonpath')
[5.370s] INFO:colcon.colcon_core.shell:Creating environment hook '/home/hci/armi_ws/install/camera_module/share/camera_module/hook/pythonpath.ps1'
[5.373s] INFO:colcon.colcon_core.shell:Creating environment descriptor '/home/hci/armi_ws/install/camera_module/share/camera_module/hook/pythonpath.dsv'
[5.375s] INFO:colcon.colcon_core.shell:Creating environment hook '/home/hci/armi_ws/install/camera_module/share/camera_module/hook/pythonpath.sh'
[5.378s] Level 1:colcon.colcon_core.environment:checking '/home/hci/armi_ws/install/camera_module/bin'
[5.379s] Level 1:colcon.colcon_core.environment:create_environment_scripts_only(camera_module)
[5.380s] INFO:colcon.colcon_core.shell:Creating package script '/home/hci/armi_ws/install/camera_module/share/camera_module/package.ps1'
[5.385s] INFO:colcon.colcon_core.shell:Creating package descriptor '/home/hci/armi_ws/install/camera_module/share/camera_module/package.dsv'
[5.388s] INFO:colcon.colcon_core.shell:Creating package script '/home/hci/armi_ws/install/camera_module/share/camera_module/package.sh'
[5.392s] INFO:colcon.colcon_core.shell:Creating package script '/home/hci/armi_ws/install/camera_module/share/camera_module/package.bash'
[5.396s] INFO:colcon.colcon_core.shell:Creating package script '/home/hci/armi_ws/install/camera_module/share/camera_module/package.zsh'
[5.400s] Level 1:colcon.colcon_core.environment:create_file_with_runtime_dependencies(/home/hci/armi_ws/install/camera_module/share/colcon-core/packages/camera_module)
[5.402s] DEBUG:colcon.colcon_parallel_executor.executor.parallel:closing loop
[5.403s] DEBUG:colcon.colcon_parallel_executor.executor.parallel:loop closed
[5.404s] DEBUG:colcon.colcon_parallel_executor.executor.parallel:run_until_complete finished with '0'
[5.404s] DEBUG:colcon.colcon_core.event_reactor:joining thread
[5.428s] INFO:colcon.colcon_core.plugin_system:Skipping extension 'colcon_notification.desktop_notification.notify_send': Could not find 'notify-send'
[5.429s] INFO:colcon.colcon_core.plugin_system:Skipping extension 'colcon_notification.desktop_notification.terminal_notifier': Not used on non-Darwin systems
[5.429s] INFO:colcon.colcon_core.plugin_system:Skipping extension 'colcon_notification.desktop_notification.win32': Not used on non-Windows systems
[5.430s] INFO:colcon.colcon_notification.desktop_notification:Sending desktop notification using 'notify2'
[5.433s] DEBUG:colcon.colcon_notification.desktop_notification.notify2:Failed to initialize notify2: org.freedesktop.DBus.Error.ServiceUnknown: The name org.freedesktop.Notifications was not provided by any .service files
[5.433s] DEBUG:colcon.colcon_core.event_reactor:joined thread
[5.435s] INFO:colcon.colcon_core.shell:Creating prefix script '/home/hci/armi_ws/install/local_setup.ps1'
[5.439s] INFO:colcon.colcon_core.shell:Creating prefix util module '/home/hci/armi_ws/install/_local_setup_util_ps1.py'
[5.446s] INFO:colcon.colcon_core.shell:Creating prefix chain script '/home/hci/armi_ws/install/setup.ps1'
[5.453s] INFO:colcon.colcon_core.shell:Creating prefix script '/home/hci/armi_ws/install/local_setup.sh'
[5.456s] INFO:colcon.colcon_core.shell:Creating prefix util module '/home/hci/armi_ws/install/_local_setup_util_sh.py'
[5.459s] INFO:colcon.colcon_core.shell:Creating prefix chain script '/home/hci/armi_ws/install/setup.sh'
[5.467s] INFO:colcon.colcon_core.shell:Creating prefix script '/home/hci/armi_ws/install/local_setup.bash'
[5.470s] INFO:colcon.colcon_core.shell:Creating prefix chain script '/home/hci/armi_ws/install/setup.bash'
[5.477s] INFO:colcon.colcon_core.shell:Creating prefix script '/home/hci/armi_ws/install/local_setup.zsh'
[5.480s] INFO:colcon.colcon_core.shell:Creating prefix chain script '/home/hci/armi_ws/install/setup.zsh'
