[4.677s] Invoking command in '/home/hci/armi_ws/src/armi_navigation': PYTHONPATH=/home/hci/armi_ws/build/armi_navigation/prefix_override:/usr/lib/python3/dist-packages/colcon_core/task/python/colcon_distutils_commands:/home/hci/armi_ws/install/armi_navigation/lib/python3.10/site-packages:${PYTHONPATH} /usr/bin/python3 -W ignore:setup.py install is deprecated -W ignore:easy_install command is deprecated setup.py egg_info --egg-base ../../build/armi_navigation build --build-base /home/hci/armi_ws/build/armi_navigation/build install --record /home/hci/armi_ws/build/armi_navigation/install.log --single-version-externally-managed install_data
[5.817s] running egg_info
[5.821s] writing ../../build/armi_navigation/armi_navigation.egg-info/PKG-INFO
[5.822s] writing dependency_links to ../../build/armi_navigation/armi_navigation.egg-info/dependency_links.txt
[5.823s] writing entry points to ../../build/armi_navigation/armi_navigation.egg-info/entry_points.txt
[5.825s] writing requirements to ../../build/armi_navigation/armi_navigation.egg-info/requires.txt
[5.826s] writing top-level names to ../../build/armi_navigation/armi_navigation.egg-info/top_level.txt
[5.835s] reading manifest file '../../build/armi_navigation/armi_navigation.egg-info/SOURCES.txt'
[5.840s] writing manifest file '../../build/armi_navigation/armi_navigation.egg-info/SOURCES.txt'
[5.841s] running build
[5.842s] running build_py
[5.847s] copying armi_navigation/camera_node.py -> /home/hci/armi_ws/build/armi_navigation/build/lib/armi_navigation
[5.848s] running install
[5.848s] running install_lib
[5.850s] copying /home/hci/armi_ws/build/armi_navigation/build/lib/armi_navigation/camera_node.py -> /home/hci/armi_ws/install/armi_navigation/lib/python3.10/site-packages/armi_navigation
[5.857s] byte-compiling /home/hci/armi_ws/install/armi_navigation/lib/python3.10/site-packages/armi_navigation/camera_node.py to camera_node.cpython-310.pyc
[5.858s] running install_data
[5.859s] copying package.xml -> /home/hci/armi_ws/install/armi_navigation/share/armi_navigation
[5.860s] running install_egg_info
[5.866s] removing '/home/hci/armi_ws/install/armi_navigation/lib/python3.10/site-packages/armi_navigation-0.0.0-py3.10.egg-info' (and everything under it)
[5.868s] Copying ../../build/armi_navigation/armi_navigation.egg-info to /home/hci/armi_ws/install/armi_navigation/lib/python3.10/site-packages/armi_navigation-0.0.0-py3.10.egg-info
[5.879s] running install_scripts
[5.976s] Installing camera_node script to /home/hci/armi_ws/install/armi_navigation/lib/armi_navigation
[5.978s] Installing nav_to_pose_client script to /home/hci/armi_ws/install/armi_navigation/lib/armi_navigation
[5.979s] Installing waypoint_follower script to /home/hci/armi_ws/install/armi_navigation/lib/armi_navigation
[5.983s] writing list of installed files to '/home/hci/armi_ws/build/armi_navigation/install.log'
[6.007s] Invoked command in '/home/hci/armi_ws/src/armi_navigation' returned '-2': PYTHONPATH=/home/hci/armi_ws/build/armi_navigation/prefix_override:/usr/lib/python3/dist-packages/colcon_core/task/python/colcon_distutils_commands:/home/hci/armi_ws/install/armi_navigation/lib/python3.10/site-packages:${PYTHONPATH} /usr/bin/python3 -W ignore:setup.py install is deprecated -W ignore:easy_install command is deprecated setup.py egg_info --egg-base ../../build/armi_navigation build --build-base /home/hci/armi_ws/build/armi_navigation/build install --record /home/hci/armi_ws/build/armi_navigation/install.log --single-version-externally-managed install_data
