[4.094s] Invoking command in '/home/hci/armi_ws/src/camera_module': PYTHONPATH=/home/hci/armi_ws/build/camera_module/prefix_override:/usr/lib/python3/dist-packages/colcon_core/task/python/colcon_distutils_commands:/home/hci/armi_ws/install/camera_module/lib/python3.10/site-packages:${PYTHONPATH} /usr/bin/python3 -W ignore:setup.py install is deprecated -W ignore:easy_install command is deprecated setup.py egg_info --egg-base ../../build/camera_module build --build-base /home/hci/armi_ws/build/camera_module/build install --record /home/hci/armi_ws/build/camera_module/install.log --single-version-externally-managed install_data
[5.242s] running egg_info
[5.247s] writing ../../build/camera_module/camera_module.egg-info/PKG-INFO
[5.248s] writing dependency_links to ../../build/camera_module/camera_module.egg-info/dependency_links.txt
[5.249s] writing entry points to ../../build/camera_module/camera_module.egg-info/entry_points.txt
[5.250s] writing requirements to ../../build/camera_module/camera_module.egg-info/requires.txt
[5.251s] writing top-level names to ../../build/camera_module/camera_module.egg-info/top_level.txt
[5.262s] reading manifest file '../../build/camera_module/camera_module.egg-info/SOURCES.txt'
[5.263s] adding license file 'LICENSE'
[5.263s] writing manifest file '../../build/camera_module/camera_module.egg-info/SOURCES.txt'
[5.264s] running build
[5.265s] running build_py
[5.266s] running install
[5.268s] running install_lib
[5.272s] running install_data
[5.274s] running install_egg_info
[5.282s] removing '/home/hci/armi_ws/install/camera_module/lib/python3.10/site-packages/camera_module-0.0.1-py3.10.egg-info' (and everything under it)
[5.284s] Copying ../../build/camera_module/camera_module.egg-info to /home/hci/armi_ws/install/camera_module/lib/python3.10/site-packages/camera_module-0.0.1-py3.10.egg-info
[5.292s] running install_scripts
[5.383s] Installing camera_node script to /home/hci/armi_ws/install/camera_module/lib/yolo_module
[5.386s] writing list of installed files to '/home/hci/armi_ws/build/camera_module/install.log'
[5.582s] Invoked command in '/home/hci/armi_ws/src/camera_module' returned '0': PYTHONPATH=/home/hci/armi_ws/build/camera_module/prefix_override:/usr/lib/python3/dist-packages/colcon_core/task/python/colcon_distutils_commands:/home/hci/armi_ws/install/camera_module/lib/python3.10/site-packages:${PYTHONPATH} /usr/bin/python3 -W ignore:setup.py install is deprecated -W ignore:easy_install command is deprecated setup.py egg_info --egg-base ../../build/camera_module build --build-base /home/hci/armi_ws/build/camera_module/build install --record /home/hci/armi_ws/build/camera_module/install.log --single-version-externally-managed install_data
