[3.407s] Invoking command in '/home/hci/armi_ws/src/camera_module': PYTHONPATH=/home/hci/armi_ws/build/camera_module/prefix_override:/usr/lib/python3/dist-packages/colcon_core/task/python/colcon_distutils_commands:/home/hci/armi_ws/install/camera_module/lib/python3.10/site-packages:${PYTHONPATH} /usr/bin/python3 -W ignore:setup.py install is deprecated -W ignore:easy_install command is deprecated setup.py egg_info --egg-base ../../build/camera_module build --build-base /home/hci/armi_ws/build/camera_module/build install --record /home/hci/armi_ws/build/camera_module/install.log --single-version-externally-managed install_data
[4.406s] running egg_info
[4.408s] writing ../../build/camera_module/camera_module.egg-info/PKG-INFO
[4.409s] writing dependency_links to ../../build/camera_module/camera_module.egg-info/dependency_links.txt
[4.410s] writing entry points to ../../build/camera_module/camera_module.egg-info/entry_points.txt
[4.411s] writing requirements to ../../build/camera_module/camera_module.egg-info/requires.txt
[4.412s] writing top-level names to ../../build/camera_module/camera_module.egg-info/top_level.txt
[4.420s] reading manifest file '../../build/camera_module/camera_module.egg-info/SOURCES.txt'
[4.423s] adding license file 'LICENSE'
[4.425s] writing manifest file '../../build/camera_module/camera_module.egg-info/SOURCES.txt'
[4.426s] running build
[4.426s] running build_py
[4.427s] copying camera_module/camera_node.py -> /home/hci/armi_ws/build/camera_module/build/lib/camera_module
[4.428s] running install
[4.429s] running install_lib
[4.433s] copying /home/hci/armi_ws/build/camera_module/build/lib/camera_module/camera_node.py -> /home/hci/armi_ws/install/camera_module/lib/python3.10/site-packages/camera_module
[4.437s] byte-compiling /home/hci/armi_ws/install/camera_module/lib/python3.10/site-packages/camera_module/camera_node.py to camera_node.cpython-310.pyc
[4.439s] running install_data
[4.440s] running install_egg_info
[4.447s] removing '/home/hci/armi_ws/install/camera_module/lib/python3.10/site-packages/camera_module-0.0.1-py3.10.egg-info' (and everything under it)
[4.449s] Copying ../../build/camera_module/camera_module.egg-info to /home/hci/armi_ws/install/camera_module/lib/python3.10/site-packages/camera_module-0.0.1-py3.10.egg-info
[4.459s] running install_scripts
[4.540s] Installing camera_node script to /home/hci/armi_ws/install/camera_module/lib/yolo_module
[4.541s] writing list of installed files to '/home/hci/armi_ws/build/camera_module/install.log'
[4.655s] Invoked command in '/home/hci/armi_ws/src/camera_module' returned '0': PYTHONPATH=/home/hci/armi_ws/build/camera_module/prefix_override:/usr/lib/python3/dist-packages/colcon_core/task/python/colcon_distutils_commands:/home/hci/armi_ws/install/camera_module/lib/python3.10/site-packages:${PYTHONPATH} /usr/bin/python3 -W ignore:setup.py install is deprecated -W ignore:easy_install command is deprecated setup.py egg_info --egg-base ../../build/camera_module build --build-base /home/hci/armi_ws/build/camera_module/build install --record /home/hci/armi_ws/build/camera_module/install.log --single-version-externally-managed install_data
