[1.113s] DEBUG:colcon:Command line arguments: ['/usr/bin/colcon', 'build']
[1.113s] DEBUG:colcon:Parsed command line arguments: Namespace(log_base=None, log_level=None, verb_name='build', build_base='build', install_base='install', merge_install=False, symlink_install=False, test_result_base=None, continue_on_error=False, executor='parallel', parallel_workers=4, event_handlers=None, ignore_user_meta=False, metas=['./colcon.meta'], base_paths=['.'], packages_ignore=None, packages_ignore_regex=None, paths=None, packages_up_to=None, packages_up_to_regex=None, packages_above=None, packages_above_and_dependencies=None, packages_above_depth=None, packages_select_by_dep=None, packages_skip_by_dep=None, packages_skip_up_to=None, packages_select_build_failed=False, packages_skip_build_finished=False, packages_select_test_failures=False, packages_skip_test_passed=False, packages_select=None, packages_skip=None, packages_select_regex=None, packages_skip_regex=None, packages_start=None, packages_end=None, allow_overriding=[], cmake_args=None, cmake_target=None, cmake_target_skip_unavailable=False, cmake_clean_cache=False, cmake_clean_first=False, cmake_force_configure=False, ament_cmake_args=None, catkin_cmake_args=None, catkin_skip_building_tests=False, mixin_files=None, mixin=None, verb_parser=<colcon_mixin.mixin.mixin_argument.MixinArgumentDecorator object at 0xffff97da0790>, verb_extension=<colcon_core.verb.build.BuildVerb object at 0xffff97eb9690>, main=<bound method BuildVerb.main of <colcon_core.verb.build.BuildVerb object at 0xffff97eb9690>>, mixin_verb=('build',))
[2.268s] Level 1:colcon.colcon_core.package_discovery:discover_packages(colcon_meta) check parameters
[2.268s] Level 1:colcon.colcon_core.package_discovery:discover_packages(recursive) check parameters
[2.269s] Level 1:colcon.colcon_core.package_discovery:discover_packages(ignore) check parameters
[2.269s] Level 1:colcon.colcon_core.package_discovery:discover_packages(path) check parameters
[2.269s] Level 1:colcon.colcon_core.package_discovery:discover_packages(colcon_meta) discover
[2.269s] Level 1:colcon.colcon_core.package_discovery:discover_packages(recursive) discover
[2.269s] INFO:colcon.colcon_core.package_discovery:Crawling recursively for packages in '/home/hci/armi_ws'
[2.270s] Level 1:colcon.colcon_core.package_identification:_identify(.) by extensions ['ignore', 'ignore_ament_install']
[2.270s] Level 1:colcon.colcon_core.package_identification:_identify(.) by extension 'ignore'
[2.271s] Level 1:colcon.colcon_core.package_identification:_identify(.) by extension 'ignore_ament_install'
[2.271s] Level 1:colcon.colcon_core.package_identification:_identify(.) by extensions ['colcon_pkg']
[2.271s] Level 1:colcon.colcon_core.package_identification:_identify(.) by extension 'colcon_pkg'
[2.272s] Level 1:colcon.colcon_core.package_identification:_identify(.) by extensions ['colcon_meta']
[2.272s] Level 1:colcon.colcon_core.package_identification:_identify(.) by extension 'colcon_meta'
[2.272s] Level 1:colcon.colcon_core.package_identification:_identify(.) by extensions ['ros']
[2.272s] Level 1:colcon.colcon_core.package_identification:_identify(.) by extension 'ros'
[2.350s] Level 1:colcon.colcon_core.package_identification:_identify(.) by extensions ['cmake', 'python']
[2.351s] Level 1:colcon.colcon_core.package_identification:_identify(.) by extension 'cmake'
[2.351s] Level 1:colcon.colcon_core.package_identification:_identify(.) by extension 'python'
[2.351s] Level 1:colcon.colcon_core.package_identification:_identify(.) by extensions ['python_setup_py']
[2.351s] Level 1:colcon.colcon_core.package_identification:_identify(.) by extension 'python_setup_py'
[2.352s] Level 1:colcon.colcon_core.package_identification:_identify(build) by extensions ['ignore', 'ignore_ament_install']
[2.352s] Level 1:colcon.colcon_core.package_identification:_identify(build) by extension 'ignore'
[2.352s] Level 1:colcon.colcon_core.package_identification:_identify(build) ignored
[2.353s] Level 1:colcon.colcon_core.package_identification:_identify(install) by extensions ['ignore', 'ignore_ament_install']
[2.353s] Level 1:colcon.colcon_core.package_identification:_identify(install) by extension 'ignore'
[2.354s] Level 1:colcon.colcon_core.package_identification:_identify(install) ignored
[2.354s] Level 1:colcon.colcon_core.package_identification:_identify(log) by extensions ['ignore', 'ignore_ament_install']
[2.354s] Level 1:colcon.colcon_core.package_identification:_identify(log) by extension 'ignore'
[2.355s] Level 1:colcon.colcon_core.package_identification:_identify(log) ignored
[2.355s] Level 1:colcon.colcon_core.package_identification:_identify(src) by extensions ['ignore', 'ignore_ament_install']
[2.355s] Level 1:colcon.colcon_core.package_identification:_identify(src) by extension 'ignore'
[2.356s] Level 1:colcon.colcon_core.package_identification:_identify(src) by extension 'ignore_ament_install'
[2.356s] Level 1:colcon.colcon_core.package_identification:_identify(src) by extensions ['colcon_pkg']
[2.356s] Level 1:colcon.colcon_core.package_identification:_identify(src) by extension 'colcon_pkg'
[2.356s] Level 1:colcon.colcon_core.package_identification:_identify(src) by extensions ['colcon_meta']
[2.356s] Level 1:colcon.colcon_core.package_identification:_identify(src) by extension 'colcon_meta'
[2.357s] Level 1:colcon.colcon_core.package_identification:_identify(src) by extensions ['ros']
[2.357s] Level 1:colcon.colcon_core.package_identification:_identify(src) by extension 'ros'
[2.357s] Level 1:colcon.colcon_core.package_identification:_identify(src) by extensions ['cmake', 'python']
[2.357s] Level 1:colcon.colcon_core.package_identification:_identify(src) by extension 'cmake'
[2.357s] Level 1:colcon.colcon_core.package_identification:_identify(src) by extension 'python'
[2.358s] Level 1:colcon.colcon_core.package_identification:_identify(src) by extensions ['python_setup_py']
[2.358s] Level 1:colcon.colcon_core.package_identification:_identify(src) by extension 'python_setup_py'
[2.358s] Level 1:colcon.colcon_core.package_identification:_identify(src/armi_navigation) by extensions ['ignore', 'ignore_ament_install']
[2.359s] Level 1:colcon.colcon_core.package_identification:_identify(src/armi_navigation) by extension 'ignore'
[2.359s] Level 1:colcon.colcon_core.package_identification:_identify(src/armi_navigation) by extension 'ignore_ament_install'
[2.359s] Level 1:colcon.colcon_core.package_identification:_identify(src/armi_navigation) by extensions ['colcon_pkg']
[2.359s] Level 1:colcon.colcon_core.package_identification:_identify(src/armi_navigation) by extension 'colcon_pkg'
[2.359s] Level 1:colcon.colcon_core.package_identification:_identify(src/armi_navigation) by extensions ['colcon_meta']
[2.360s] Level 1:colcon.colcon_core.package_identification:_identify(src/armi_navigation) by extension 'colcon_meta'
[2.360s] Level 1:colcon.colcon_core.package_identification:_identify(src/armi_navigation) by extensions ['ros']
[2.360s] Level 1:colcon.colcon_core.package_identification:_identify(src/armi_navigation) by extension 'ros'
[2.373s] DEBUG:colcon.colcon_core.package_identification:Package 'src/armi_navigation' with type 'ros.ament_python' and name 'armi_navigation'
[2.374s] Level 1:colcon.colcon_core.package_identification:_identify(src/camera_module) by extensions ['ignore', 'ignore_ament_install']
[2.374s] Level 1:colcon.colcon_core.package_identification:_identify(src/camera_module) by extension 'ignore'
[2.375s] Level 1:colcon.colcon_core.package_identification:_identify(src/camera_module) by extension 'ignore_ament_install'
[2.375s] Level 1:colcon.colcon_core.package_identification:_identify(src/camera_module) by extensions ['colcon_pkg']
[2.375s] Level 1:colcon.colcon_core.package_identification:_identify(src/camera_module) by extension 'colcon_pkg'
[2.375s] Level 1:colcon.colcon_core.package_identification:_identify(src/camera_module) by extensions ['colcon_meta']
[2.376s] Level 1:colcon.colcon_core.package_identification:_identify(src/camera_module) by extension 'colcon_meta'
[2.376s] Level 1:colcon.colcon_core.package_identification:_identify(src/camera_module) by extensions ['ros']
[2.376s] Level 1:colcon.colcon_core.package_identification:_identify(src/camera_module) by extension 'ros'
[2.379s] DEBUG:colcon.colcon_core.package_identification:Package 'src/camera_module' with type 'ros.ament_python' and name 'camera_module'
[2.380s] Level 1:colcon.colcon_core.package_discovery:discover_packages(recursive) using defaults
[2.380s] Level 1:colcon.colcon_core.package_discovery:discover_packages(ignore) discover
[2.380s] Level 1:colcon.colcon_core.package_discovery:discover_packages(ignore) using defaults
[2.380s] Level 1:colcon.colcon_core.package_discovery:discover_packages(path) discover
[2.380s] Level 1:colcon.colcon_core.package_discovery:discover_packages(path) using defaults
[2.518s] Level 1:colcon.colcon_core.package_discovery:discover_packages(prefix_path) check parameters
[2.519s] Level 1:colcon.colcon_core.package_discovery:discover_packages(prefix_path) discover
[2.538s] DEBUG:colcon.colcon_installed_package_information.package_discovery:Found 7 installed packages in /home/hci/turtlebot3_ws/install
[2.547s] DEBUG:colcon.colcon_installed_package_information.package_discovery:Found 243 installed packages in /opt/ros/humble
[2.554s] Level 1:colcon.colcon_core.package_discovery:discover_packages(prefix_path) using defaults
[2.758s] Level 5:colcon.colcon_core.verb:set package 'armi_navigation' build argument 'cmake_args' from command line to 'None'
[2.758s] Level 5:colcon.colcon_core.verb:set package 'armi_navigation' build argument 'cmake_target' from command line to 'None'
[2.758s] Level 5:colcon.colcon_core.verb:set package 'armi_navigation' build argument 'cmake_target_skip_unavailable' from command line to 'False'
[2.758s] Level 5:colcon.colcon_core.verb:set package 'armi_navigation' build argument 'cmake_clean_cache' from command line to 'False'
[2.758s] Level 5:colcon.colcon_core.verb:set package 'armi_navigation' build argument 'cmake_clean_first' from command line to 'False'
[2.758s] Level 5:colcon.colcon_core.verb:set package 'armi_navigation' build argument 'cmake_force_configure' from command line to 'False'
[2.758s] Level 5:colcon.colcon_core.verb:set package 'armi_navigation' build argument 'ament_cmake_args' from command line to 'None'
[2.759s] Level 5:colcon.colcon_core.verb:set package 'armi_navigation' build argument 'catkin_cmake_args' from command line to 'None'
[2.759s] Level 5:colcon.colcon_core.verb:set package 'armi_navigation' build argument 'catkin_skip_building_tests' from command line to 'False'
[2.759s] DEBUG:colcon.colcon_core.verb:Building package 'armi_navigation' with the following arguments: {'ament_cmake_args': None, 'build_base': '/home/hci/armi_ws/build/armi_navigation', 'catkin_cmake_args': None, 'catkin_skip_building_tests': False, 'cmake_args': None, 'cmake_clean_cache': False, 'cmake_clean_first': False, 'cmake_force_configure': False, 'cmake_target': None, 'cmake_target_skip_unavailable': False, 'install_base': '/home/hci/armi_ws/install/armi_navigation', 'merge_install': False, 'path': '/home/hci/armi_ws/src/armi_navigation', 'symlink_install': False, 'test_result_base': None}
[2.760s] Level 5:colcon.colcon_core.verb:set package 'camera_module' build argument 'cmake_args' from command line to 'None'
[2.761s] Level 5:colcon.colcon_core.verb:set package 'camera_module' build argument 'cmake_target' from command line to 'None'
[2.761s] Level 5:colcon.colcon_core.verb:set package 'camera_module' build argument 'cmake_target_skip_unavailable' from command line to 'False'
[2.761s] Level 5:colcon.colcon_core.verb:set package 'camera_module' build argument 'cmake_clean_cache' from command line to 'False'
[2.761s] Level 5:colcon.colcon_core.verb:set package 'camera_module' build argument 'cmake_clean_first' from command line to 'False'
[2.761s] Level 5:colcon.colcon_core.verb:set package 'camera_module' build argument 'cmake_force_configure' from command line to 'False'
[2.761s] Level 5:colcon.colcon_core.verb:set package 'camera_module' build argument 'ament_cmake_args' from command line to 'None'
[2.761s] Level 5:colcon.colcon_core.verb:set package 'camera_module' build argument 'catkin_cmake_args' from command line to 'None'
[2.761s] Level 5:colcon.colcon_core.verb:set package 'camera_module' build argument 'catkin_skip_building_tests' from command line to 'False'
[2.761s] DEBUG:colcon.colcon_core.verb:Building package 'camera_module' with the following arguments: {'ament_cmake_args': None, 'build_base': '/home/hci/armi_ws/build/camera_module', 'catkin_cmake_args': None, 'catkin_skip_building_tests': False, 'cmake_args': None, 'cmake_clean_cache': False, 'cmake_clean_first': False, 'cmake_force_configure': False, 'cmake_target': None, 'cmake_target_skip_unavailable': False, 'install_base': '/home/hci/armi_ws/install/camera_module', 'merge_install': False, 'path': '/home/hci/armi_ws/src/camera_module', 'symlink_install': False, 'test_result_base': None}
[2.762s] INFO:colcon.colcon_core.executor:Executing jobs using 'parallel' executor
[2.765s] DEBUG:colcon.colcon_parallel_executor.executor.parallel:run_until_complete
[2.766s] INFO:colcon.colcon_ros.task.ament_python.build:Building ROS package in '/home/hci/armi_ws/src/armi_navigation' with build type 'ament_python'
[2.767s] Level 1:colcon.colcon_core.shell:create_environment_hook('armi_navigation', 'ament_prefix_path')
[2.793s] INFO:colcon.colcon_core.plugin_system:Skipping extension 'colcon_core.shell.bat': Not used on non-Windows systems
[2.794s] INFO:colcon.colcon_core.shell:Creating environment hook '/home/hci/armi_ws/install/armi_navigation/share/armi_navigation/hook/ament_prefix_path.ps1'
[2.799s] INFO:colcon.colcon_core.shell:Creating environment descriptor '/home/hci/armi_ws/install/armi_navigation/share/armi_navigation/hook/ament_prefix_path.dsv'
[2.805s] INFO:colcon.colcon_core.shell:Creating environment hook '/home/hci/armi_ws/install/armi_navigation/share/armi_navigation/hook/ament_prefix_path.sh'
[2.810s] INFO:colcon.colcon_core.shell:Skip shell extension 'powershell' for command environment: Not usable outside of PowerShell
[2.810s] DEBUG:colcon.colcon_core.shell:Skip shell extension 'dsv' for command environment
[2.835s] INFO:colcon.colcon_ros.task.ament_python.build:Building ROS package in '/home/hci/armi_ws/src/camera_module' with build type 'ament_python'
[2.835s] Level 1:colcon.colcon_core.shell:create_environment_hook('camera_module', 'ament_prefix_path')
[2.837s] INFO:colcon.colcon_core.shell:Creating environment hook '/home/hci/armi_ws/install/camera_module/share/camera_module/hook/ament_prefix_path.ps1'
[2.839s] INFO:colcon.colcon_core.shell:Creating environment descriptor '/home/hci/armi_ws/install/camera_module/share/camera_module/hook/ament_prefix_path.dsv'
[2.842s] INFO:colcon.colcon_core.shell:Creating environment hook '/home/hci/armi_ws/install/camera_module/share/camera_module/hook/ament_prefix_path.sh'
[2.846s] INFO:colcon.colcon_core.shell:Skip shell extension 'powershell' for command environment: Not usable outside of PowerShell
[2.846s] DEBUG:colcon.colcon_core.shell:Skip shell extension 'dsv' for command environment
[3.946s] INFO:colcon.colcon_core.task.python.build:Building Python package in '/home/hci/armi_ws/src/armi_navigation'
[3.947s] INFO:colcon.colcon_core.shell:Skip shell extension 'powershell' for command environment: Not usable outside of PowerShell
[3.947s] DEBUG:colcon.colcon_core.shell:Skip shell extension 'dsv' for command environment
[5.047s] INFO:colcon.colcon_core.task.python.build:Building Python package in '/home/hci/armi_ws/src/camera_module'
[5.048s] INFO:colcon.colcon_core.shell:Skip shell extension 'powershell' for command environment: Not usable outside of PowerShell
[5.048s] DEBUG:colcon.colcon_core.shell:Skip shell extension 'dsv' for command environment
[7.426s] DEBUG:colcon.colcon_core.event_handler.log_command:Invoking command in '/home/hci/armi_ws/src/camera_module': PYTHONPATH=/home/hci/armi_ws/build/camera_module/prefix_override:/usr/lib/python3/dist-packages/colcon_core/task/python/colcon_distutils_commands:/home/hci/armi_ws/install/camera_module/lib/python3.10/site-packages:${PYTHONPATH} /usr/bin/python3 -W ignore:setup.py install is deprecated -W ignore:easy_install command is deprecated setup.py egg_info --egg-base ../../build/camera_module build --build-base /home/hci/armi_ws/build/camera_module/build install --record /home/hci/armi_ws/build/camera_module/install.log --single-version-externally-managed install_data
[7.445s] DEBUG:colcon.colcon_core.event_handler.log_command:Invoking command in '/home/hci/armi_ws/src/armi_navigation': PYTHONPATH=/home/hci/armi_ws/build/armi_navigation/prefix_override:/usr/lib/python3/dist-packages/colcon_core/task/python/colcon_distutils_commands:/home/hci/armi_ws/install/armi_navigation/lib/python3.10/site-packages:${PYTHONPATH} /usr/bin/python3 -W ignore:setup.py install is deprecated -W ignore:easy_install command is deprecated setup.py egg_info --egg-base ../../build/armi_navigation build --build-base /home/hci/armi_ws/build/armi_navigation/build install --record /home/hci/armi_ws/build/armi_navigation/install.log --single-version-externally-managed install_data
[8.766s] DEBUG:colcon.colcon_parallel_executor.executor.parallel:run_until_complete was interrupted
[8.767s] DEBUG:colcon.colcon_parallel_executor.executor.parallel:run_until_complete again
[8.775s] DEBUG:colcon.colcon_core.event_handler.log_command:Invoked command in '/home/hci/armi_ws/src/armi_navigation' returned '-2': PYTHONPATH=/home/hci/armi_ws/build/armi_navigation/prefix_override:/usr/lib/python3/dist-packages/colcon_core/task/python/colcon_distutils_commands:/home/hci/armi_ws/install/armi_navigation/lib/python3.10/site-packages:${PYTHONPATH} /usr/bin/python3 -W ignore:setup.py install is deprecated -W ignore:easy_install command is deprecated setup.py egg_info --egg-base ../../build/armi_navigation build --build-base /home/hci/armi_ws/build/armi_navigation/build install --record /home/hci/armi_ws/build/armi_navigation/install.log --single-version-externally-managed install_data
[8.787s] DEBUG:colcon.colcon_parallel_executor.executor.parallel:run_until_complete finished
[8.787s] DEBUG:colcon.colcon_parallel_executor.executor.parallel:closing loop
[8.788s] DEBUG:colcon.colcon_parallel_executor.executor.parallel:loop closed
[8.788s] DEBUG:colcon.colcon_core.event_reactor:joining thread
[8.819s] INFO:colcon.colcon_core.plugin_system:Skipping extension 'colcon_notification.desktop_notification.notify_send': Could not find 'notify-send'
[8.819s] INFO:colcon.colcon_core.plugin_system:Skipping extension 'colcon_notification.desktop_notification.terminal_notifier': Not used on non-Darwin systems
[8.820s] INFO:colcon.colcon_core.plugin_system:Skipping extension 'colcon_notification.desktop_notification.win32': Not used on non-Windows systems
[8.820s] INFO:colcon.colcon_notification.desktop_notification:Sending desktop notification using 'notify2'
[8.942s] DEBUG:colcon.colcon_notification.desktop_notification.notify2:Failed to initialize notify2: org.freedesktop.DBus.Error.ServiceUnknown: The name org.freedesktop.Notifications was not provided by any .service files
[8.942s] DEBUG:colcon.colcon_core.event_reactor:joined thread
[8.944s] INFO:colcon.colcon_core.shell:Creating prefix script '/home/hci/armi_ws/install/local_setup.ps1'
[8.952s] INFO:colcon.colcon_core.shell:Creating prefix util module '/home/hci/armi_ws/install/_local_setup_util_ps1.py'
[8.964s] INFO:colcon.colcon_core.shell:Creating prefix chain script '/home/hci/armi_ws/install/setup.ps1'
[8.973s] INFO:colcon.colcon_core.shell:Creating prefix script '/home/hci/armi_ws/install/local_setup.sh'
[8.980s] INFO:colcon.colcon_core.shell:Creating prefix util module '/home/hci/armi_ws/install/_local_setup_util_sh.py'
[8.983s] INFO:colcon.colcon_core.shell:Creating prefix chain script '/home/hci/armi_ws/install/setup.sh'
[8.991s] INFO:colcon.colcon_core.shell:Creating prefix script '/home/hci/armi_ws/install/local_setup.bash'
[8.996s] INFO:colcon.colcon_core.shell:Creating prefix chain script '/home/hci/armi_ws/install/setup.bash'
[9.004s] INFO:colcon.colcon_core.shell:Creating prefix script '/home/hci/armi_ws/install/local_setup.zsh'
[9.009s] INFO:colcon.colcon_core.shell:Creating prefix chain script '/home/hci/armi_ws/install/setup.zsh'
