[2.663s] Invoking command in '/home/hci/armi_ws/src/armi_navigation': PYTHONPATH=/home/hci/armi_ws/build/armi_navigation/prefix_override:/usr/lib/python3/dist-packages/colcon_core/task/python/colcon_distutils_commands:/home/hci/armi_ws/install/armi_navigation/lib/python3.10/site-packages:${PYTHONPATH} /usr/bin/python3 -W ignore:setup.py install is deprecated -W ignore:easy_install command is deprecated setup.py egg_info --egg-base ../../build/armi_navigation build --build-base /home/hci/armi_ws/build/armi_navigation/build install --record /home/hci/armi_ws/build/armi_navigation/install.log --single-version-externally-managed install_data
[3.684s] running egg_info
[3.687s] writing ../../build/armi_navigation/armi_navigation.egg-info/PKG-INFO
[3.688s] writing dependency_links to ../../build/armi_navigation/armi_navigation.egg-info/dependency_links.txt
[3.689s] writing entry points to ../../build/armi_navigation/armi_navigation.egg-info/entry_points.txt
[3.689s] writing requirements to ../../build/armi_navigation/armi_navigation.egg-info/requires.txt
[3.690s] writing top-level names to ../../build/armi_navigation/armi_navigation.egg-info/top_level.txt
[3.698s] reading manifest file '../../build/armi_navigation/armi_navigation.egg-info/SOURCES.txt'
[3.701s] writing manifest file '../../build/armi_navigation/armi_navigation.egg-info/SOURCES.txt'
[3.702s] running build
[3.702s] running build_py
[3.704s] running install
[3.705s] running install_lib
[3.711s] running install_data
[3.712s] running install_egg_info
[3.719s] removing '/home/hci/armi_ws/install/armi_navigation/lib/python3.10/site-packages/armi_navigation-0.0.0-py3.10.egg-info' (and everything under it)
[3.721s] Copying ../../build/armi_navigation/armi_navigation.egg-info to /home/hci/armi_ws/install/armi_navigation/lib/python3.10/site-packages/armi_navigation-0.0.0-py3.10.egg-info
[3.728s] running install_scripts
[3.810s] Installing camera_node script to /home/hci/armi_ws/install/armi_navigation/lib/armi_navigation
[3.811s] Installing nav_to_pose_client script to /home/hci/armi_ws/install/armi_navigation/lib/armi_navigation
[3.812s] Installing waypoint_follower script to /home/hci/armi_ws/install/armi_navigation/lib/armi_navigation
[3.813s] writing list of installed files to '/home/hci/armi_ws/build/armi_navigation/install.log'
[3.929s] Invoked command in '/home/hci/armi_ws/src/armi_navigation' returned '0': PYTHONPATH=/home/hci/armi_ws/build/armi_navigation/prefix_override:/usr/lib/python3/dist-packages/colcon_core/task/python/colcon_distutils_commands:/home/hci/armi_ws/install/armi_navigation/lib/python3.10/site-packages:${PYTHONPATH} /usr/bin/python3 -W ignore:setup.py install is deprecated -W ignore:easy_install command is deprecated setup.py egg_info --egg-base ../../build/armi_navigation build --build-base /home/hci/armi_ws/build/armi_navigation/build install --record /home/hci/armi_ws/build/armi_navigation/install.log --single-version-externally-managed install_data
