running egg_info
creating ../../build/armi_navigation/armi_navigation.egg-info
writing ../../build/armi_navigation/armi_navigation.egg-info/PKG-INFO
writing dependency_links to ../../build/armi_navigation/armi_navigation.egg-info/dependency_links.txt
writing entry points to ../../build/armi_navigation/armi_navigation.egg-info/entry_points.txt
writing requirements to ../../build/armi_navigation/armi_navigation.egg-info/requires.txt
writing top-level names to ../../build/armi_navigation/armi_navigation.egg-info/top_level.txt
writing manifest file '../../build/armi_navigation/armi_navigation.egg-info/SOURCES.txt'
reading manifest file '../../build/armi_navigation/armi_navigation.egg-info/SOURCES.txt'
writing manifest file '../../build/armi_navigation/armi_navigation.egg-info/SOURCES.txt'
running build
running build_py
creating /home/hci/armi_ws/build/armi_navigation/build
creating /home/hci/armi_ws/build/armi_navigation/build/lib
creating /home/hci/armi_ws/build/armi_navigation/build/lib/armi_navigation
copying armi_navigation/waypoint_follower.py -> /home/hci/armi_ws/build/armi_navigation/build/lib/armi_navigation
copying armi_navigation/__init__.py -> /home/hci/armi_ws/build/armi_navigation/build/lib/armi_navigation
copying armi_navigation/nav_to_pose_client.py -> /home/hci/armi_ws/build/armi_navigation/build/lib/armi_navigation
running install
running install_lib
creating /home/hci/armi_ws/install/armi_navigation/lib/python3.10/site-packages/armi_navigation
copying /home/hci/armi_ws/build/armi_navigation/build/lib/armi_navigation/waypoint_follower.py -> /home/hci/armi_ws/install/armi_navigation/lib/python3.10/site-packages/armi_navigation
copying /home/hci/armi_ws/build/armi_navigation/build/lib/armi_navigation/__init__.py -> /home/hci/armi_ws/install/armi_navigation/lib/python3.10/site-packages/armi_navigation
copying /home/hci/armi_ws/build/armi_navigation/build/lib/armi_navigation/nav_to_pose_client.py -> /home/hci/armi_ws/install/armi_navigation/lib/python3.10/site-packages/armi_navigation
byte-compiling /home/hci/armi_ws/install/armi_navigation/lib/python3.10/site-packages/armi_navigation/waypoint_follower.py to waypoint_follower.cpython-310.pyc
byte-compiling /home/hci/armi_ws/install/armi_navigation/lib/python3.10/site-packages/armi_navigation/__init__.py to __init__.cpython-310.pyc
byte-compiling /home/hci/armi_ws/install/armi_navigation/lib/python3.10/site-packages/armi_navigation/nav_to_pose_client.py to nav_to_pose_client.cpython-310.pyc
running install_data
creating /home/hci/armi_ws/install/armi_navigation/share/ament_index
creating /home/hci/armi_ws/install/armi_navigation/share/ament_index/resource_index
creating /home/hci/armi_ws/install/armi_navigation/share/ament_index/resource_index/packages
copying resource/armi_navigation -> /home/hci/armi_ws/install/armi_navigation/share/ament_index/resource_index/packages
copying package.xml -> /home/hci/armi_ws/install/armi_navigation/share/armi_navigation
creating /home/hci/armi_ws/install/armi_navigation/share/armi_navigation/config
copying config/waypoints.yaml -> /home/hci/armi_ws/install/armi_navigation/share/armi_navigation/config
running install_egg_info
Copying ../../build/armi_navigation/armi_navigation.egg-info to /home/hci/armi_ws/install/armi_navigation/lib/python3.10/site-packages/armi_navigation-0.0.0-py3.10.egg-info
running install_scripts
Installing nav_to_pose_client script to /home/hci/armi_ws/install/armi_navigation/lib/armi_navigation
Installing waypoint_follower script to /home/hci/armi_ws/install/armi_navigation/lib/armi_navigation
writing list of installed files to '/home/hci/armi_ws/build/armi_navigation/install.log'
